::1 - - [21/Dec/2025:11:26:06 +0530] "GET /test-simple.php HTTP/1.1" 200 84
::1 - - [21/Dec/2025:11:26:06 +0530] "GET /sinath-travels/server/api/admin/test-cors.php HTTP/1.1" 404 297
::1 - - [21/Dec/2025:11:26:06 +0530] "GET /server/api/admin/test-cors.php HTTP/1.1" 200 388
::1 - - [21/Dec/2025:11:26:41 +0530] "OPTIONS /server/api/admin/auth.php?action=login HTTP/1.1" 200 596
::1 - - [21/Dec/2025:11:26:41 +0530] "POST /server/api/admin/auth.php?action=login HTTP/1.1" 200 357
::1 - - [21/Dec/2025:11:26:51 +0530] "POST /server/api/admin/auth.php?action=login HTTP/1.1" 200 357
::1 - - [21/Dec/2025:11:27:00 +0530] "POST /server/api/admin/auth.php?action=login HTTP/1.1" 200 357
::1 - - [21/Dec/2025:15:17:18 +0530] "OPTIONS /server/api/admin/auth.php?action=login HTTP/1.1" 200 596
::1 - - [21/Dec/2025:15:17:18 +0530] "POST /server/api/admin/auth.php?action=login HTTP/1.1" 200 357
::1 - - [21/Dec/2025:15:22:14 +0530] "OPTIONS /server/api/admin/auth.php?action=login HTTP/1.1" 200 596
::1 - - [21/Dec/2025:15:22:14 +0530] "POST /server/api/admin/auth.php?action=login HTTP/1.1" 200 357
::1 - - [21/Dec/2025:15:22:37 +0530] "GET /server/api/admin/auth.php?action=login HTTP/1.1" 200 357
::1 - - [21/Dec/2025:15:23:20 +0530] "GET /sinath-travels/server/api/admin/auth.php?action=login HTTP/1.1" 404 297
::1 - - [21/Dec/2025:15:25:59 +0530] "GET /server/api/admin/auth.php?action=login HTTP/1.1" 200 357
::1 - - [21/Dec/2025:15:26:10 +0530] "GET /server/api/admin/auth.php?action=login HTTP/1.1" 200 357
::1 - - [21/Dec/2025:15:33:07 +0530] "GET /server/api/admin/debug-cors.php HTTP/1.1" 200 123
::1 - - [21/Dec/2025:15:37:30 +0530] "OPTIONS /server/api/admin/auth.php?action=login HTTP/1.1" 200 596
127.0.0.1 - - [21/Dec/2025:15:38:38 +0530] "GET /phpmyadmin/ HTTP/1.1" 200 3172
127.0.0.1 - - [21/Dec/2025:15:38:45 +0530] "GET /phpmyadmin/js/messages.php?l=en&v=5.2.1 HTTP/1.1" 200 7911
127.0.0.1 - - [21/Dec/2025:15:38:45 +0530] "GET /phpmyadmin/themes/pmahomme/img/s_error.png HTTP/1.1" 200 614
127.0.0.1 - - [21/Dec/2025:15:39:51 +0530] "GET /phpmyadmin/ HTTP/1.1" 200 3226
::1 - - [21/Dec/2025:15:39:58 +0530] "OPTIONS /server/api/admin/auth.php?action=login HTTP/1.1" 200 596
::1 - - [21/Dec/2025:15:54:21 +0530] "OPTIONS /server/api/admin/auth.php?action=login HTTP/1.1" 200 596
::1 - - [21/Dec/2025:15:54:21 +0530] "POST /server/api/admin/auth.php?action=login HTTP/1.1" 200 357
127.0.0.1 - - [21/Dec/2025:16:09:25 +0530] "GET /phpmyadmin/ HTTP/1.1" 200 3172
127.0.0.1 - - [21/Dec/2025:16:09:36 +0530] "GET /phpmyadmin/index.php?route=/ HTTP/1.1" 200 3172
::1 - - [21/Dec/2025:16:10:12 +0530] "POST /server/api/admin/auth.php?action=login HTTP/1.1" 200 357
::1 - - [21/Dec/2025:18:53:21 +0530] "OPTIONS /server/api/admin/auth.php?action=login HTTP/1.1" 200 -
::1 - - [21/Dec/2025:18:53:21 +0530] "POST /server/api/admin/auth.php?action=login HTTP/1.1" 401 49
127.0.0.1 - - [21/Dec/2025:18:53:44 +0530] "GET /phpmyadmin/ HTTP/1.1" 200 17238
127.0.0.1 - - [21/Dec/2025:18:53:45 +0530] "GET /phpmyadmin/js/messages.php?l=en&v=5.2.1 HTTP/1.1" 200 7911
127.0.0.1 - - [21/Dec/2025:18:53:46 +0530] "GET /phpmyadmin/themes/pmahomme/img/s_replication.png HTTP/1.1" 200 399
127.0.0.1 - - [21/Dec/2025:18:53:46 +0530] "POST /phpmyadmin/index.php?route=/config/get HTTP/1.1" 200 1474
127.0.0.1 - - [21/Dec/2025:18:53:46 +0530] "POST /phpmyadmin/index.php?route=/navigation&ajax_request=1 HTTP/1.1" 200 2544
127.0.0.1 - - [21/Dec/2025:18:53:46 +0530] "POST /phpmyadmin/index.php?route=/config/get HTTP/1.1" 200 1566
127.0.0.1 - - [21/Dec/2025:18:53:46 +0530] "POST /phpmyadmin/index.php?route=/version-check HTTP/1.1" 200 64
127.0.0.1 - - [21/Dec/2025:18:53:46 +0530] "POST /phpmyadmin/index.php?route=/database/structure/favorite-table&ajax_request=1&favorite_table=1&sync_favorite_tables=1 HTTP/1.1" 200 155
127.0.0.1 - - [21/Dec/2025:18:53:46 +0530] "POST /phpmyadmin/index.php?route=/config/set HTTP/1.1" 200 1466
127.0.0.1 - - [21/Dec/2025:18:53:50 +0530] "GET /phpmyadmin/index.php?route=/database/structure&db=sinath_travels&ajax_request=true&ajax_page_request=true&_nocache=1766323430128810914&token=4621657847784f6429445e587e2d3044 HTTP/1.1" 200 6815
127.0.0.1 - - [21/Dec/2025:18:53:51 +0530] "POST /phpmyadmin/index.php?route=/navigation&ajax_request=1 HTTP/1.1" 200 2544
127.0.0.1 - - [21/Dec/2025:18:53:51 +0530] "POST /phpmyadmin/index.php?route=/navigation&ajax_request=1 HTTP/1.1" 200 2186
127.0.0.1 - - [21/Dec/2025:18:53:51 +0530] "POST /phpmyadmin/index.php?route=/navigation&ajax_request=1 HTTP/1.1" 200 2186
127.0.0.1 - - [21/Dec/2025:18:53:53 +0530] "GET /phpmyadmin/index.php?route=/sql&db=sinath_travels&table=admin_users&pos=0&ajax_request=true&ajax_page_request=true&_nocache=176632343368660958&token=4621657847784f6429445e587e2d3044 HTTP/1.1" 200 7953
127.0.0.1 - - [21/Dec/2025:18:53:54 +0530] "GET /phpmyadmin/index.php?route=/recent-table&ajax_request=1&recent_table=1&no_debug=true&_nocache=1766323434299126774&token=4621657847784f6429445e587e2d3044 HTTP/1.1" 200 1528
::1 - - [21/Dec/2025:18:54:15 +0530] "POST /server/api/admin/auth.php?action=login HTTP/1.1" 401 49
::1 - - [21/Dec/2025:18:54:47 +0530] "GET /server/api/admin HTTP/1.1" 301 348
::1 - - [21/Dec/2025:18:54:47 +0530] "GET /server/api/admin/ HTTP/1.1" 403 300
::1 - - [21/Dec/2025:18:55:55 +0530] "POST /server/api/admin/auth.php?action=login HTTP/1.1" 401 49
::1 - - [21/Dec/2025:18:57:25 +0530] "OPTIONS /server/api/admin/auth.php?action=login HTTP/1.1" 200 -
::1 - - [21/Dec/2025:18:57:25 +0530] "POST /server/api/admin/auth.php?action=login HTTP/1.1" 401 49
::1 - - [21/Dec/2025:19:01:57 +0530] "POST /server/api/admin/auth.php?action=login HTTP/1.1" 401 49
::1 - - [21/Dec/2025:19:02:09 +0530] "POST /server/api/admin/auth.php?action=login HTTP/1.1" 401 49
::1 - - [21/Dec/2025:19:06:10 +0530] "POST /server/api/admin/auth.php?action=login HTTP/1.1" 401 49
::1 - - [21/Dec/2025:19:06:27 +0530] "POST /server/api/admin/auth.php?action=login HTTP/1.1" 401 49
::1 - - [21/Dec/2025:19:11:05 +0530] "POST /server/api/admin/auth.php?action=login HTTP/1.1" 401 49
::1 - - [21/Dec/2025:19:13:32 +0530] "POST /server/api/admin/auth.php?action=login HTTP/1.1" 401 49
::1 - - [21/Dec/2025:19:17:08 +0530] "GET /server/test-db.php HTTP/1.1" 200 323
::1 - - [21/Dec/2025:19:17:08 +0530] "GET /favicon.ico HTTP/1.1" 404 297
::1 - - [21/Dec/2025:19:17:08 +0530] "GET /server/test-db.php HTTP/1.1" 200 323
127.0.0.1 - - [21/Dec/2025:19:17:49 +0530] "POST /phpmyadmin/index.php?route=/ HTTP/1.1" 200 1578
::1 - - [21/Dec/2025:19:21:06 +0530] "POST /server/api/admin/auth.php?action=login HTTP/1.1" 401 66
::1 - - [21/Dec/2025:19:29:00 +0530] "GET /server/test-password.php HTTP/1.1" 200 482
::1 - - [21/Dec/2025:19:30:29 +0530] "GET /server/reset-password.php HTTP/1.1" 200 553
127.0.0.1 - - [21/Dec/2025:19:31:10 +0530] "GET /phpmyadmin/index.php?route=/table/sql&db=sinath_travels&table=admin_users&ajax_request=true&ajax_page_request=true&_nocache=1766325670721357093&token=4621657847784f6429445e587e2d3044 HTTP/1.1" 200 5673
127.0.0.1 - - [21/Dec/2025:19:31:11 +0530] "POST /phpmyadmin/index.php?route=/navigation&ajax_request=1 HTTP/1.1" 200 3136
127.0.0.1 - - [21/Dec/2025:19:31:11 +0530] "GET /phpmyadmin/index.php?route=/recent-table&ajax_request=1&recent_table=1&no_debug=true&_nocache=1766325671129418055&token=4621657847784f6429445e587e2d3044 HTTP/1.1" 200 1528
127.0.0.1 - - [21/Dec/2025:19:31:11 +0530] "POST /phpmyadmin/index.php?route=/lint HTTP/1.1" 200 28
127.0.0.1 - - [21/Dec/2025:19:31:13 +0530] "POST /phpmyadmin/index.php?route=/database/sql/autocomplete HTTP/1.1" 200 2362
127.0.0.1 - - [21/Dec/2025:19:31:14 +0530] "POST /phpmyadmin/index.php?route=/lint HTTP/1.1" 200 251
127.0.0.1 - - [21/Dec/2025:19:31:31 +0530] "GET /phpmyadmin/index.php?route=/sql&pos=0&db=sinath_travels&table=admin_users&ajax_request=true&ajax_page_request=true&_nocache=1766325691211623295&token=4621657847784f6429445e587e2d3044 HTTP/1.1" 200 7962
127.0.0.1 - - [21/Dec/2025:19:31:31 +0530] "GET /phpmyadmin/index.php?route=/recent-table&ajax_request=1&recent_table=1&no_debug=true&_nocache=1766325691605450799&token=4621657847784f6429445e587e2d3044 HTTP/1.1" 200 1528
127.0.0.1 - - [21/Dec/2025:19:31:33 +0530] "POST /phpmyadmin/index.php?route=/sql HTTP/1.1" 200 4404
127.0.0.1 - - [21/Dec/2025:19:31:36 +0530] "POST /phpmyadmin/index.php?route=/table/replace HTTP/1.1" 200 2162
::1 - - [21/Dec/2025:19:32:02 +0530] "GET /server/test-password.php HTTP/1.1" 200 482
127.0.0.1 - - [21/Dec/2025:19:32:22 +0530] "GET /phpmyadmin/url.php?url=https://dev.mysql.com/doc/refman/8.0/en/update.html HTTP/1.1" 200 173
127.0.0.1 - - [21/Dec/2025:19:32:37 +0530] "GET /phpmyadmin/index.php?route=/sql&pos=0&db=sinath_travels&table=admin_users&ajax_request=true&ajax_page_request=true&_nocache=1766325757831821599&token=4621657847784f6429445e587e2d3044 HTTP/1.1" 200 7962
127.0.0.1 - - [21/Dec/2025:19:32:38 +0530] "GET /phpmyadmin/index.php?route=/recent-table&ajax_request=1&recent_table=1&no_debug=true&_nocache=1766325758160354442&token=4621657847784f6429445e587e2d3044 HTTP/1.1" 200 1528
127.0.0.1 - - [21/Dec/2025:19:32:40 +0530] "POST /phpmyadmin/index.php?route=/sql HTTP/1.1" 200 4406
::1 - - [21/Dec/2025:19:33:28 +0530] "GET /server/test-password.php HTTP/1.1" 200 482
127.0.0.1 - - [21/Dec/2025:19:33:53 +0530] "GET /phpmyadmin/index.php?route=/table/sql&db=sinath_travels&table=admin_users&ajax_request=true&ajax_page_request=true&_nocache=1766325833792470060&token=4621657847784f6429445e587e2d3044 HTTP/1.1" 200 5673
127.0.0.1 - - [21/Dec/2025:19:33:54 +0530] "POST /phpmyadmin/index.php?route=/navigation&ajax_request=1 HTTP/1.1" 200 3136
127.0.0.1 - - [21/Dec/2025:19:33:54 +0530] "GET /phpmyadmin/index.php?route=/recent-table&ajax_request=1&recent_table=1&no_debug=true&_nocache=1766325834042471684&token=4621657847784f6429445e587e2d3044 HTTP/1.1" 200 1528
127.0.0.1 - - [21/Dec/2025:19:33:54 +0530] "POST /phpmyadmin/index.php?route=/lint HTTP/1.1" 200 28
127.0.0.1 - - [21/Dec/2025:19:34:03 +0530] "POST /phpmyadmin/index.php?route=/database/sql/autocomplete HTTP/1.1" 200 2362
127.0.0.1 - - [21/Dec/2025:19:34:03 +0530] "POST /phpmyadmin/index.php?route=/lint HTTP/1.1" 200 251
127.0.0.1 - - [21/Dec/2025:19:34:12 +0530] "GET /phpmyadmin/index.php?route=/sql&pos=0&db=sinath_travels&table=admin_users HTTP/1.1" 200 16622
127.0.0.1 - - [21/Dec/2025:19:34:13 +0530] "POST /phpmyadmin/index.php?route=/navigation&ajax_request=1 HTTP/1.1" 200 2586
127.0.0.1 - - [21/Dec/2025:19:34:13 +0530] "POST /phpmyadmin/index.php?route=/config/get HTTP/1.1" 200 1568
127.0.0.1 - - [21/Dec/2025:19:34:13 +0530] "POST /phpmyadmin/index.php?route=/config/get HTTP/1.1" 200 1477
127.0.0.1 - - [21/Dec/2025:19:34:13 +0530] "GET /phpmyadmin/index.php?route=/recent-table&ajax_request=1&recent_table=1&no_debug=true&_nocache=1766325853403962898&token=4621657847784f6429445e587e2d3044 HTTP/1.1" 200 1528
127.0.0.1 - - [21/Dec/2025:19:34:13 +0530] "POST /phpmyadmin/index.php?route=/navigation&ajax_request=1 HTTP/1.1" 200 2188
127.0.0.1 - - [21/Dec/2025:19:34:13 +0530] "POST /phpmyadmin/index.php?route=/config/set HTTP/1.1" 200 1468
127.0.0.1 - - [21/Dec/2025:19:34:20 +0530] "POST /phpmyadmin/index.php?route=/lint HTTP/1.1" 200 251
127.0.0.1 - - [21/Dec/2025:19:34:24 +0530] "POST /phpmyadmin/index.php?route=/lint HTTP/1.1" 200 251
127.0.0.1 - - [21/Dec/2025:19:34:25 +0530] "POST /phpmyadmin/index.php?route=/lint HTTP/1.1" 200 251
127.0.0.1 - - [21/Dec/2025:19:34:32 +0530] "POST /phpmyadmin/index.php?route=/lint HTTP/1.1" 200 252
127.0.0.1 - - [21/Dec/2025:19:34:33 +0530] "POST /phpmyadmin/index.php?route=/lint HTTP/1.1" 200 212
127.0.0.1 - - [21/Dec/2025:19:34:35 +0530] "POST /phpmyadmin/index.php?route=/lint HTTP/1.1" 200 251
127.0.0.1 - - [21/Dec/2025:19:34:38 +0530] "POST /phpmyadmin/index.php?route=/lint HTTP/1.1" 200 252
127.0.0.1 - - [21/Dec/2025:19:35:12 +0530] "POST /phpmyadmin/index.php?route=/import HTTP/1.1" 200 2114
127.0.0.1 - - [21/Dec/2025:19:35:16 +0530] "GET /phpmyadmin/index.php?route=/sql&pos=0&db=sinath_travels&table=admin_users&ajax_request=true&ajax_page_request=true&_nocache=1766325916591156219&token=4621657847784f6429445e587e2d3044 HTTP/1.1" 200 7962
127.0.0.1 - - [21/Dec/2025:19:35:16 +0530] "GET /phpmyadmin/index.php?route=/recent-table&ajax_request=1&recent_table=1&no_debug=true&_nocache=176632591684365660&token=4621657847784f6429445e587e2d3044 HTTP/1.1" 200 1528
::1 - - [21/Dec/2025:19:36:02 +0530] "POST /server/api/admin/auth.php?action=login HTTP/1.1" 401 66
::1 - - [21/Dec/2025:19:36:16 +0530] "POST /server/api/admin/auth.php?action=login HTTP/1.1" 401 66
::1 - - [21/Dec/2025:19:36:40 +0530] "GET /server/reset-password.php HTTP/1.1" 200 553
::1 - - [21/Dec/2025:19:37:35 +0530] "POST /server/api/admin/auth.php?action=login HTTP/1.1" 200 256
::1 - - [21/Dec/2025:19:37:36 +0530] "OPTIONS /server/api/admin/auth.php HTTP/1.1" 200 -
::1 - - [21/Dec/2025:19:37:36 +0530] "GET /server/api/admin/auth.php HTTP/1.1" 401 47
::1 - - [21/Dec/2025:19:37:56 +0530] "POST /server/api/admin/auth.php?action=login HTTP/1.1" 200 256
::1 - - [21/Dec/2025:19:37:57 +0530] "GET /server/api/admin/auth.php HTTP/1.1" 401 47
::1 - - [21/Dec/2025:19:43:24 +0530] "POST /server/api/admin/auth.php?action=login HTTP/1.1" 200 256
::1 - - [21/Dec/2025:19:43:26 +0530] "GET /server/api/admin/auth.php HTTP/1.1" 401 47
::1 - - [21/Dec/2025:19:43:38 +0530] "POST /server/api/admin/auth.php?action=login HTTP/1.1" 200 256
::1 - - [21/Dec/2025:19:43:40 +0530] "GET /server/api/admin/auth.php HTTP/1.1" 401 47
::1 - - [21/Dec/2025:19:44:47 +0530] "POST /server/api/admin/auth.php?action=login HTTP/1.1" 200 256
::1 - - [21/Dec/2025:19:44:48 +0530] "GET /server/api/admin/auth.php HTTP/1.1" 401 47
::1 - - [21/Dec/2025:19:45:00 +0530] "POST /server/api/admin/auth.php?action=login HTTP/1.1" 200 256
::1 - - [21/Dec/2025:19:45:01 +0530] "GET /server/api/admin/auth.php HTTP/1.1" 401 47
::1 - - [21/Dec/2025:19:55:22 +0530] "POST /server/api/admin/auth.php?action=login HTTP/1.1" 200 256
::1 - - [21/Dec/2025:19:55:23 +0530] "GET /server/api/admin/auth.php HTTP/1.1" 401 47
127.0.0.1 - - [21/Dec/2025:19:59:12 +0530] "POST /phpmyadmin/index.php?route=/ HTTP/1.1" 200 1578
::1 - - [21/Dec/2025:20:02:19 +0530] "OPTIONS /server/api/admin/auth.php?action=login HTTP/1.1" 200 -
::1 - - [21/Dec/2025:20:02:19 +0530] "POST /server/api/admin/auth.php?action=login HTTP/1.1" 200 256
::1 - - [21/Dec/2025:20:02:20 +0530] "OPTIONS /server/api/admin/auth.php HTTP/1.1" 200 -
::1 - - [21/Dec/2025:20:02:20 +0530] "GET /server/api/admin/auth.php HTTP/1.1" 200 150
::1 - - [21/Dec/2025:20:02:20 +0530] "OPTIONS /server/api/admin/packages.php HTTP/1.1" 200 -
::1 - - [21/Dec/2025:20:02:20 +0530] "OPTIONS /server/api/admin/inquiries.php?limit=1 HTTP/1.1" 200 -
::1 - - [21/Dec/2025:20:02:20 +0530] "GET /server/api/admin/packages.php HTTP/1.1" 200 150
::1 - - [21/Dec/2025:20:02:20 +0530] "GET /server/api/admin/inquiries.php?limit=1 HTTP/1.1" 200 150
::1 - - [21/Dec/2025:20:04:17 +0530] "GET /server/api/admin/auth.php HTTP/1.1" 200 150
::1 - - [21/Dec/2025:20:04:17 +0530] "GET /server/api/admin/inquiries.php?limit=1 HTTP/1.1" 200 150
::1 - - [21/Dec/2025:20:04:17 +0530] "GET /server/api/admin/packages.php HTTP/1.1" 200 150
::1 - - [21/Dec/2025:20:04:50 +0530] "POST /server/api/admin/auth.php?action=login HTTP/1.1" 200 256
::1 - - [21/Dec/2025:20:04:51 +0530] "GET /server/api/admin/auth.php HTTP/1.1" 200 150
::1 - - [21/Dec/2025:20:04:51 +0530] "GET /server/api/admin/packages.php HTTP/1.1" 200 150
::1 - - [21/Dec/2025:20:04:51 +0530] "GET /server/api/admin/inquiries.php?limit=1 HTTP/1.1" 200 150
::1 - - [21/Dec/2025:20:15:05 +0530] "OPTIONS /server/api/admin/auth.php?action=logout HTTP/1.1" 200 -
::1 - - [21/Dec/2025:20:15:05 +0530] "POST /server/api/admin/auth.php?action=logout HTTP/1.1" 200 46
::1 - - [21/Dec/2025:20:15:06 +0530] "POST /server/api/admin/auth.php?action=login HTTP/1.1" 200 256
::1 - - [21/Dec/2025:20:15:07 +0530] "GET /server/api/admin/auth.php HTTP/1.1" 200 150
::1 - - [21/Dec/2025:20:15:07 +0530] "GET /server/api/admin/packages.php HTTP/1.1" 200 150
::1 - - [21/Dec/2025:20:15:07 +0530] "GET /server/api/admin/inquiries.php?limit=1 HTTP/1.1" 200 150
::1 - - [21/Dec/2025:20:15:09 +0530] "POST /server/api/admin/auth.php?action=logout HTTP/1.1" 200 46
::1 - - [21/Dec/2025:20:15:10 +0530] "POST /server/api/admin/auth.php?action=login HTTP/1.1" 200 256
::1 - - [21/Dec/2025:20:15:11 +0530] "GET /server/api/admin/auth.php HTTP/1.1" 200 150
::1 - - [21/Dec/2025:20:15:11 +0530] "GET /server/api/admin/inquiries.php?limit=1 HTTP/1.1" 200 150
::1 - - [21/Dec/2025:20:15:11 +0530] "GET /server/api/admin/packages.php HTTP/1.1" 200 150
::1 - - [21/Dec/2025:20:16:08 +0530] "POST /server/api/admin/auth.php?action=login HTTP/1.1" 200 256
::1 - - [21/Dec/2025:20:16:09 +0530] "GET /server/api/admin/auth.php HTTP/1.1" 200 150
::1 - - [21/Dec/2025:20:16:09 +0530] "GET /server/api/admin/inquiries.php?limit=1 HTTP/1.1" 200 150
::1 - - [21/Dec/2025:20:16:09 +0530] "GET /server/api/admin/packages.php HTTP/1.1" 200 150
127.0.0.1 - - [21/Dec/2025:20:19:49 +0530] "POST /phpmyadmin/index.php?route=/ HTTP/1.1" 200 1578
::1 - - [21/Dec/2025:21:09:26 +0530] "OPTIONS /server/api/admin/auth.php HTTP/1.1" 200 -
::1 - - [21/Dec/2025:21:09:26 +0530] "GET /server/api/admin/auth.php HTTP/1.1" 200 150
::1 - - [21/Dec/2025:21:09:26 +0530] "OPTIONS /server/api/admin/packages.php HTTP/1.1" 200 -
::1 - - [21/Dec/2025:21:09:26 +0530] "OPTIONS /server/api/admin/inquiries.php?limit=1 HTTP/1.1" 200 -
::1 - - [21/Dec/2025:21:09:26 +0530] "GET /server/api/admin/packages.php HTTP/1.1" 200 150
::1 - - [21/Dec/2025:21:09:26 +0530] "GET /server/api/admin/inquiries.php?limit=1 HTTP/1.1" 200 150
::1 - - [21/Dec/2025:21:10:56 +0530] "GET /server/test-api.php HTTP/1.1" 200 4863
::1 - - [21/Dec/2025:21:14:46 +0530] "GET /server/test-api.php HTTP/1.1" 200 4863
::1 - - [21/Dec/2025:21:15:43 +0530] "GET /server/api/admin/auth.php HTTP/1.1" 200 150
::1 - - [21/Dec/2025:21:15:43 +0530] "GET /server/api/admin/packages.php HTTP/1.1" 200 150
::1 - - [21/Dec/2025:21:15:43 +0530] "GET /server/api/admin/inquiries.php?limit=1 HTTP/1.1" 200 150
::1 - - [21/Dec/2025:21:15:46 +0530] "GET /server/api/admin/auth.php HTTP/1.1" 200 150
::1 - - [21/Dec/2025:21:15:46 +0530] "GET /server/api/admin/inquiries.php?limit=1 HTTP/1.1" 200 150
::1 - - [21/Dec/2025:21:15:46 +0530] "GET /server/api/admin/packages.php HTTP/1.1" 200 150
127.0.0.1 - - [21/Dec/2025:21:15:48 +0530] "POST /phpmyadmin/index.php?route=/ HTTP/1.1" 200 1578
::1 - - [21/Dec/2025:21:16:25 +0530] "OPTIONS /server/api/admin/auth.php?action=login HTTP/1.1" 200 -
::1 - - [21/Dec/2025:21:16:25 +0530] "POST /server/api/admin/auth.php?action=login HTTP/1.1" 200 256
::1 - - [21/Dec/2025:21:16:26 +0530] "GET /server/api/admin/auth.php HTTP/1.1" 200 150
::1 - - [21/Dec/2025:21:16:26 +0530] "GET /server/api/admin/packages.php HTTP/1.1" 200 150
::1 - - [21/Dec/2025:21:16:26 +0530] "GET /server/api/admin/inquiries.php?limit=1 HTTP/1.1" 200 150
::1 - - [21/Dec/2025:21:18:56 +0530] "GET /server/api/admin/packages.php HTTP/1.1" 200 150
::1 - - [21/Dec/2025:21:19:22 +0530] "GET /server/api/admin/inquiries.php?limit=1 HTTP/1.1" 200 150
::1 - - [21/Dec/2025:21:24:55 +0530] "OPTIONS /server/api/admin/auth.php?action=login HTTP/1.1" 200 -
::1 - - [21/Dec/2025:21:24:55 +0530] "POST /server/api/admin/auth.php?action=login HTTP/1.1" 200 256
::1 - - [21/Dec/2025:21:24:56 +0530] "OPTIONS /server/api/admin/auth.php HTTP/1.1" 200 -
::1 - - [21/Dec/2025:21:24:56 +0530] "GET /server/api/admin/auth.php HTTP/1.1" 401 47
::1 - - [21/Dec/2025:21:25:04 +0530] "POST /server/api/admin/auth.php?action=login HTTP/1.1" 200 256
::1 - - [21/Dec/2025:21:25:05 +0530] "GET /server/api/admin/auth.php HTTP/1.1" 401 47
::1 - - [21/Dec/2025:21:25:45 +0530] "POST /server/api/admin/auth.php?action=login HTTP/1.1" 200 256
::1 - - [21/Dec/2025:21:25:47 +0530] "GET /server/api/admin/auth.php HTTP/1.1" 401 47
::1 - - [21/Dec/2025:21:26:34 +0530] "POST /server/api/admin/auth.php?action=login HTTP/1.1" 200 256
::1 - - [21/Dec/2025:21:26:35 +0530] "GET /server/api/admin/auth.php HTTP/1.1" 401 47
::1 - - [21/Dec/2025:21:26:51 +0530] "POST /server/api/admin/auth.php?action=login HTTP/1.1" 200 256
::1 - - [21/Dec/2025:21:26:51 +0530] "GET /server/api/admin/auth.php HTTP/1.1" 200 150
::1 - - [21/Dec/2025:21:26:51 +0530] "GET /server/api/admin/packages.php HTTP/1.1" 200 150
::1 - - [21/Dec/2025:21:26:51 +0530] "GET /server/api/admin/inquiries.php?limit=1 HTTP/1.1" 200 150
::1 - - [21/Dec/2025:21:27:19 +0530] "GET /server/api/admin/auth.php HTTP/1.1" 200 150
::1 - - [21/Dec/2025:21:27:19 +0530] "GET /server/api/admin/packages.php HTTP/1.1" 200 150
::1 - - [21/Dec/2025:21:27:19 +0530] "GET /server/api/admin/inquiries.php?limit=1 HTTP/1.1" 200 150
::1 - - [21/Dec/2025:21:27:28 +0530] "GET /server/api/admin/auth.php HTTP/1.1" 200 150
::1 - - [21/Dec/2025:21:27:28 +0530] "GET /server/api/admin/packages.php HTTP/1.1" 200 150
::1 - - [21/Dec/2025:21:27:28 +0530] "GET /server/api/admin/inquiries.php?limit=1 HTTP/1.1" 200 150
::1 - - [21/Dec/2025:21:30:35 +0530] "GET /server/api/admin/auth.php HTTP/1.1" 200 150
::1 - - [21/Dec/2025:21:30:35 +0530] "GET /server/api/admin/packages.php HTTP/1.1" 200 150
::1 - - [21/Dec/2025:21:30:35 +0530] "GET /server/api/admin/inquiries.php?limit=1 HTTP/1.1" 200 150
::1 - - [21/Dec/2025:21:31:43 +0530] "GET /server/api/admin/auth.php HTTP/1.1" 200 150
::1 - - [21/Dec/2025:21:31:43 +0530] "GET /server/api/admin/packages.php HTTP/1.1" 200 150
::1 - - [21/Dec/2025:21:31:43 +0530] "GET /server/api/admin/inquiries.php?limit=1 HTTP/1.1" 200 150
::1 - - [21/Dec/2025:21:35:52 +0530] "GET /server/api/admin/auth.php HTTP/1.1" 200 150
::1 - - [21/Dec/2025:21:35:52 +0530] "GET /server/api/admin/packages.php HTTP/1.1" 200 150
::1 - - [21/Dec/2025:21:35:52 +0530] "GET /server/api/admin/inquiries.php?limit=1 HTTP/1.1" 200 150
::1 - - [21/Dec/2025:21:36:08 +0530] "POST /server/api/admin/auth.php?action=login HTTP/1.1" 200 256
::1 - - [21/Dec/2025:21:36:09 +0530] "GET /server/api/admin/auth.php HTTP/1.1" 200 150
::1 - - [21/Dec/2025:21:36:09 +0530] "GET /server/api/admin/packages.php HTTP/1.1" 200 150
::1 - - [21/Dec/2025:21:36:09 +0530] "GET /server/api/admin/inquiries.php?limit=1 HTTP/1.1" 200 150
::1 - - [21/Dec/2025:21:36:42 +0530] "GET /server/api/admin/auth.php HTTP/1.1" 200 150
::1 - - [21/Dec/2025:21:36:42 +0530] "GET /server/api/admin/packages.php HTTP/1.1" 200 150
::1 - - [21/Dec/2025:21:36:42 +0530] "GET /server/api/admin/inquiries.php?limit=1 HTTP/1.1" 200 150
127.0.0.1 - - [21/Dec/2025:21:39:48 +0530] "POST /phpmyadmin/index.php?route=/ HTTP/1.1" 200 1578
::1 - - [21/Dec/2025:21:44:55 +0530] "GET /server/api/admin/auth.php HTTP/1.1" 200 150
::1 - - [21/Dec/2025:21:44:55 +0530] "GET /server/api/admin/packages.php HTTP/1.1" 200 150
::1 - - [21/Dec/2025:21:44:55 +0530] "GET /server/api/admin/inquiries.php?limit=1 HTTP/1.1" 200 150
::1 - - [21/Dec/2025:21:46:54 +0530] "GET /server/api/admin/auth.php HTTP/1.1" 200 150
::1 - - [21/Dec/2025:21:46:54 +0530] "GET /server/api/admin/inquiries.php?limit=1 HTTP/1.1" 200 150
::1 - - [21/Dec/2025:21:46:54 +0530] "GET /server/api/admin/packages.php HTTP/1.1" 200 150
::1 - - [21/Dec/2025:21:46:57 +0530] "GET /server/api/admin/auth.php HTTP/1.1" 200 150
::1 - - [21/Dec/2025:21:46:57 +0530] "GET /server/api/admin/packages.php HTTP/1.1" 200 150
::1 - - [21/Dec/2025:21:46:57 +0530] "GET /server/api/admin/inquiries.php?limit=1 HTTP/1.1" 200 150
::1 - - [21/Dec/2025:21:57:57 +0530] "GET /server/api/admin/auth.php HTTP/1.1" 200 150
::1 - - [21/Dec/2025:21:57:57 +0530] "GET /server/api/admin/packages.php HTTP/1.1" 200 150
::1 - - [21/Dec/2025:21:57:57 +0530] "GET /server/api/admin/inquiries.php?limit=1 HTTP/1.1" 200 150
127.0.0.1 - - [21/Dec/2025:22:02:46 +0530] "POST /phpmyadmin/index.php?route=/ HTTP/1.1" 200 1578
::1 - - [21/Dec/2025:22:21:13 +0530] "OPTIONS /server/api/admin/auth.php HTTP/1.1" 200 -
::1 - - [21/Dec/2025:22:21:13 +0530] "GET /server/api/admin/auth.php HTTP/1.1" 200 150
::1 - - [21/Dec/2025:22:21:14 +0530] "OPTIONS /server/api/admin/packages.php HTTP/1.1" 200 -
::1 - - [21/Dec/2025:22:21:14 +0530] "GET /server/api/admin/packages.php HTTP/1.1" 200 150
::1 - - [21/Dec/2025:22:21:14 +0530] "OPTIONS /server/api/admin/inquiries.php?limit=1 HTTP/1.1" 200 -
::1 - - [21/Dec/2025:22:21:15 +0530] "GET /server/api/admin/inquiries.php?limit=1 HTTP/1.1" 200 150
::1 - - [21/Dec/2025:22:21:30 +0530] "GET /server/api/admin/auth.php HTTP/1.1" 200 150
::1 - - [21/Dec/2025:22:21:30 +0530] "GET /server/api/admin/inquiries.php?limit=1 HTTP/1.1" 200 150
::1 - - [21/Dec/2025:22:21:30 +0530] "GET /server/api/admin/packages.php HTTP/1.1" 200 150
::1 - - [21/Dec/2025:22:21:37 +0530] "OPTIONS /server/api/admin/inquiries.php HTTP/1.1" 200 -
::1 - - [21/Dec/2025:22:21:37 +0530] "GET /server/api/admin/inquiries.php HTTP/1.1" 200 150
::1 - - [21/Dec/2025:22:21:39 +0530] "GET /server/api/admin/auth.php HTTP/1.1" 200 150
::1 - - [21/Dec/2025:22:21:39 +0530] "GET /server/api/admin/inquiries.php HTTP/1.1" 200 150
::1 - - [21/Dec/2025:22:21:41 +0530] "GET /server/api/admin/auth.php HTTP/1.1" 200 150
::1 - - [21/Dec/2025:22:21:41 +0530] "GET /server/api/admin/inquiries.php HTTP/1.1" 200 150
::1 - - [21/Dec/2025:22:21:48 +0530] "GET /server/api/admin/auth.php HTTP/1.1" 200 150
::1 - - [21/Dec/2025:22:21:48 +0530] "GET /server/api/admin/packages.php HTTP/1.1" 200 150
::1 - - [21/Dec/2025:22:21:48 +0530] "GET /server/api/admin/inquiries.php?limit=1 HTTP/1.1" 200 150
::1 - - [21/Dec/2025:22:26:49 +0530] "GET /server/api/admin/auth.php HTTP/1.1" 200 150
::1 - - [21/Dec/2025:22:26:49 +0530] "GET /server/api/admin/packages.php HTTP/1.1" 200 150
::1 - - [21/Dec/2025:22:26:49 +0530] "GET /server/api/admin/inquiries.php?limit=1 HTTP/1.1" 200 150
::1 - - [21/Dec/2025:22:26:57 +0530] "GET /server/test-dashboard.php HTTP/1.1" 200 5148
::1 - - [21/Dec/2025:22:28:53 +0530] "GET /server/api/admin/auth.php HTTP/1.1" 200 150
::1 - - [21/Dec/2025:22:28:53 +0530] "GET /server/api/admin/packages.php HTTP/1.1" 200 150
::1 - - [21/Dec/2025:22:28:53 +0530] "GET /server/api/admin/inquiries.php?limit=1 HTTP/1.1" 200 150
::1 - - [21/Dec/2025:22:29:00 +0530] "GET /server/api/admin/auth.php HTTP/1.1" 200 150
::1 - - [21/Dec/2025:22:29:00 +0530] "GET /server/api/admin/packages.php HTTP/1.1" 200 150
::1 - - [21/Dec/2025:22:29:00 +0530] "GET /server/api/admin/inquiries.php?limit=1 HTTP/1.1" 200 150
::1 - - [22/Dec/2025:04:14:36 +0530] "OPTIONS /server/api/admin/auth.php HTTP/1.1" 200 -
::1 - - [22/Dec/2025:04:14:36 +0530] "GET /server/api/admin/auth.php HTTP/1.1" 401 47
::1 - - [22/Dec/2025:04:14:48 +0530] "OPTIONS /server/api/admin/auth.php?action=login HTTP/1.1" 200 -
::1 - - [22/Dec/2025:04:14:48 +0530] "POST /server/api/admin/auth.php?action=login HTTP/1.1" 200 256
::1 - - [22/Dec/2025:04:14:50 +0530] "GET /server/api/admin/auth.php HTTP/1.1" 200 150
::1 - - [22/Dec/2025:04:14:50 +0530] "OPTIONS /server/api/admin/packages.php HTTP/1.1" 200 -
::1 - - [22/Dec/2025:04:14:50 +0530] "OPTIONS /server/api/admin/inquiries.php?limit=1 HTTP/1.1" 200 -
::1 - - [22/Dec/2025:04:14:50 +0530] "GET /server/api/admin/packages.php HTTP/1.1" 200 150
::1 - - [22/Dec/2025:04:14:50 +0530] "GET /server/api/admin/inquiries.php?limit=1 HTTP/1.1" 200 150
::1 - - [22/Dec/2025:04:15:19 +0530] "GET /server/api/admin/auth.php HTTP/1.1" 200 150
::1 - - [22/Dec/2025:04:15:19 +0530] "GET /server/api/admin/packages.php HTTP/1.1" 200 150
::1 - - [22/Dec/2025:04:15:19 +0530] "GET /server/api/admin/inquiries.php?limit=1 HTTP/1.1" 200 150
::1 - - [22/Dec/2025:04:15:21 +0530] "OPTIONS /server/api/admin/inquiries.php HTTP/1.1" 200 -
::1 - - [22/Dec/2025:04:15:21 +0530] "GET /server/api/admin/inquiries.php HTTP/1.1" 200 150
::1 - - [22/Dec/2025:04:15:24 +0530] "GET /server/api/admin/auth.php HTTP/1.1" 200 150
::1 - - [22/Dec/2025:04:15:24 +0530] "GET /server/api/admin/inquiries.php HTTP/1.1" 200 150
::1 - - [22/Dec/2025:04:15:31 +0530] "GET /server/api/admin/auth.php HTTP/1.1" 200 150
::1 - - [22/Dec/2025:04:15:31 +0530] "GET /server/api/admin/inquiries.php?limit=1 HTTP/1.1" 200 150
::1 - - [22/Dec/2025:04:15:31 +0530] "GET /server/api/admin/packages.php HTTP/1.1" 200 150
::1 - - [22/Dec/2025:04:17:22 +0530] "GET /server/api/admin/auth.php HTTP/1.1" 200 150
::1 - - [22/Dec/2025:04:17:22 +0530] "GET /server/api/admin/packages.php HTTP/1.1" 200 150
::1 - - [22/Dec/2025:04:17:22 +0530] "GET /server/api/admin/inquiries.php?limit=1 HTTP/1.1" 200 150
::1 - - [22/Dec/2025:04:17:41 +0530] "GET /server/api/admin/inquiries.php HTTP/1.1" 200 150
::1 - - [22/Dec/2025:04:20:36 +0530] "GET /server/api/admin/auth.php HTTP/1.1" 200 150
::1 - - [22/Dec/2025:04:20:36 +0530] "GET /server/api/admin/inquiries.php HTTP/1.1" 200 150
::1 - - [22/Dec/2025:04:20:53 +0530] "GET /server/api/admin/auth.php HTTP/1.1" 200 150
::1 - - [22/Dec/2025:04:20:53 +0530] "GET /server/api/admin/inquiries.php HTTP/1.1" 200 150
::1 - - [22/Dec/2025:04:20:58 +0530] "GET /server/api/admin/auth.php HTTP/1.1" 200 150
::1 - - [22/Dec/2025:04:20:58 +0530] "GET /server/api/admin/inquiries.php HTTP/1.1" 200 150
::1 - - [22/Dec/2025:04:21:01 +0530] "GET /server/api/admin/packages.php HTTP/1.1" 200 150
::1 - - [22/Dec/2025:04:21:09 +0530] "OPTIONS /server/api/admin/inquiries.php?status=new HTTP/1.1" 200 -
::1 - - [22/Dec/2025:04:21:09 +0530] "GET /server/api/admin/inquiries.php?status=new HTTP/1.1" 200 150
::1 - - [22/Dec/2025:04:21:10 +0530] "OPTIONS /server/api/admin/inquiries.php?status=read HTTP/1.1" 200 -
::1 - - [22/Dec/2025:04:21:10 +0530] "GET /server/api/admin/inquiries.php?status=read HTTP/1.1" 200 150
::1 - - [22/Dec/2025:04:21:12 +0530] "OPTIONS /server/api/admin/inquiries.php?status=replied HTTP/1.1" 200 -
::1 - - [22/Dec/2025:04:21:12 +0530] "GET /server/api/admin/inquiries.php?status=replied HTTP/1.1" 200 150
::1 - - [22/Dec/2025:04:21:25 +0530] "GET /server/api/admin/inquiries.php?limit=1 HTTP/1.1" 200 150
::1 - - [22/Dec/2025:04:24:55 +0530] "GET /server/api/admin/auth.php HTTP/1.1" 200 150
::1 - - [22/Dec/2025:04:24:55 +0530] "GET /server/api/admin/packages.php HTTP/1.1" 200 150
::1 - - [22/Dec/2025:04:24:55 +0530] "GET /server/api/admin/inquiries.php?limit=1 HTTP/1.1" 200 150
::1 - - [22/Dec/2025:04:24:59 +0530] "GET /server/api/admin/inquiries.php HTTP/1.1" 200 150
::1 - - [22/Dec/2025:04:30:01 +0530] "GET /server/api/admin/packages.php HTTP/1.1" 200 150
::1 - - [22/Dec/2025:04:41:55 +0530] "GET /server/api/admin/dashboard.php HTTP/1.1" 200 150
::1 - - [22/Dec/2025:04:47:52 +0530] "GET /server/api/admin/auth.php HTTP/1.1" 200 150
::1 - - [22/Dec/2025:04:47:52 +0530] "GET /server/api/admin/dashboard.php HTTP/1.1" 200 291
::1 - - [22/Dec/2025:04:48:07 +0530] "GET /server/api/admin/dashboard.php HTTP/1.1" 200 291
::1 - - [22/Dec/2025:04:48:09 +0530] "GET /server/api/admin/auth.php HTTP/1.1" 200 150
::1 - - [22/Dec/2025:04:48:09 +0530] "GET /server/api/admin/dashboard.php HTTP/1.1" 200 291
::1 - - [22/Dec/2025:04:48:13 +0530] "GET /server/api/admin/dashboard.php HTTP/1.1" 200 291
::1 - - [22/Dec/2025:04:48:46 +0530] "GET /server/api/admin/auth.php HTTP/1.1" 200 150
::1 - - [22/Dec/2025:04:48:46 +0530] "GET /server/api/admin/dashboard.php HTTP/1.1" 200 150
::1 - - [22/Dec/2025:04:48:50 +0530] "GET /server/api/admin/packages.php HTTP/1.1" 200 150
::1 - - [22/Dec/2025:04:48:52 +0530] "GET /server/api/admin/inquiries.php HTTP/1.1" 200 150
::1 - - [22/Dec/2025:04:58:26 +0530] "GET /server/test-dashboard-data.php HTTP/1.1" 200 2824
::1 - - [22/Dec/2025:04:59:23 +0530] "GET /server/api/admin/auth.php HTTP/1.1" 200 150
::1 - - [22/Dec/2025:04:59:23 +0530] "GET /server/api/admin/dashboard.php HTTP/1.1" 200 150
::1 - - [22/Dec/2025:04:59:26 +0530] "GET /server/api/admin/packages.php HTTP/1.1" 200 150
::1 - - [22/Dec/2025:04:59:27 +0530] "GET /server/api/admin/inquiries.php HTTP/1.1" 200 150
::1 - - [22/Dec/2025:04:59:32 +0530] "GET /server/api/admin/dashboard.php HTTP/1.1" 200 150
::1 - - [22/Dec/2025:04:59:33 +0530] "GET /server/api/admin/dashboard.php HTTP/1.1" 200 150
::1 - - [22/Dec/2025:04:59:33 +0530] "GET /server/api/admin/dashboard.php HTTP/1.1" 200 150
::1 - - [22/Dec/2025:04:59:34 +0530] "GET /server/api/admin/dashboard.php HTTP/1.1" 200 150
::1 - - [22/Dec/2025:04:59:35 +0530] "GET /server/api/admin/dashboard.php HTTP/1.1" 200 150
::1 - - [22/Dec/2025:04:59:56 +0530] "GET /server/test-dashboard-data.php HTTP/1.1" 200 2824
::1 - - [22/Dec/2025:04:59:56 +0530] "GET /favicon.ico HTTP/1.1" 404 297
::1 - - [22/Dec/2025:05:00:18 +0530] "GET /server/test-dashboard-data.php HTTP/1.1" 200 2824
::1 - - [22/Dec/2025:05:06:15 +0530] "GET /server/test-api-direct.php HTTP/1.1" 200 1267
::1 - - [22/Dec/2025:05:06:45 +0530] "POST /server/api/admin/auth.php?action=login HTTP/1.1" 200 256
::1 - - [22/Dec/2025:05:06:46 +0530] "GET /server/api/admin/auth.php HTTP/1.1" 200 150
::1 - - [22/Dec/2025:05:06:46 +0530] "GET /server/api/admin/dashboard.php HTTP/1.1" 200 394
::1 - - [22/Dec/2025:05:07:00 +0530] "GET /server/api/admin/packages.php HTTP/1.1" 200 150
::1 - - [22/Dec/2025:05:08:00 +0530] "GET /server/test-session-debug.php HTTP/1.1" 200 3112
::1 - - [22/Dec/2025:05:09:42 +0530] "GET /server/api/admin/auth.php HTTP/1.1" 200 150
::1 - - [22/Dec/2025:05:09:42 +0530] "GET /server/api/admin/dashboard.php HTTP/1.1" 200 394
::1 - - [22/Dec/2025:05:09:47 +0530] "GET /server/api/admin/dashboard.php HTTP/1.1" 200 394
::1 - - [22/Dec/2025:05:12:09 +0530] "GET /server/api/admin/packages.php HTTP/1.1" 200 150
::1 - - [22/Dec/2025:05:17:46 +0530] "OPTIONS /server/api/admin/auth.php HTTP/1.1" 200 -
::1 - - [22/Dec/2025:05:17:46 +0530] "GET /server/api/admin/auth.php HTTP/1.1" 200 150
::1 - - [22/Dec/2025:05:17:46 +0530] "GET /server/api/admin/dashboard.php HTTP/1.1" 200 394
::1 - - [22/Dec/2025:05:17:52 +0530] "GET /server/api/admin/dashboard.php HTTP/1.1" 200 394
::1 - - [22/Dec/2025:05:17:54 +0530] "GET /server/api/admin/dashboard.php HTTP/1.1" 200 394
::1 - - [22/Dec/2025:05:17:55 +0530] "GET /server/api/admin/dashboard.php HTTP/1.1" 200 394
::1 - - [22/Dec/2025:05:17:56 +0530] "GET /server/api/admin/dashboard.php HTTP/1.1" 200 394
::1 - - [22/Dec/2025:05:17:59 +0530] "GET /server/api/admin/dashboard.php HTTP/1.1" 200 394
::1 - - [22/Dec/2025:05:18:08 +0530] "OPTIONS /server/api/admin/packages.php HTTP/1.1" 200 -
::1 - - [22/Dec/2025:05:18:08 +0530] "GET /server/api/admin/packages.php HTTP/1.1" 200 150
::1 - - [22/Dec/2025:05:20:01 +0530] "GET /server/api/admin/auth.php HTTP/1.1" 200 150
::1 - - [22/Dec/2025:05:20:01 +0530] "GET /server/api/admin/dashboard.php HTTP/1.1" 200 394
::1 - - [22/Dec/2025:05:20:07 +0530] "OPTIONS /server/api/admin/inquiries.php HTTP/1.1" 200 -
::1 - - [22/Dec/2025:05:20:07 +0530] "GET /server/api/admin/inquiries.php HTTP/1.1" 200 150
::1 - - [22/Dec/2025:05:20:14 +0530] "GET /server/api/admin/packages.php HTTP/1.1" 200 150
::1 - - [22/Dec/2025:05:20:24 +0530] "GET /server/api/admin/auth.php HTTP/1.1" 200 150
::1 - - [22/Dec/2025:05:20:25 +0530] "GET /server/api/admin/dashboard.php HTTP/1.1" 200 394
::1 - - [22/Dec/2025:05:21:02 +0530] "GET /server/api/admin/packages.php HTTP/1.1" 200 150
::1 - - [22/Dec/2025:05:27:23 +0530] "OPTIONS /server/api/admin/auth.php HTTP/1.1" 200 -
::1 - - [22/Dec/2025:05:27:23 +0530] "GET /server/api/admin/auth.php HTTP/1.1" 401 47
::1 - - [22/Dec/2025:05:27:25 +0530] "OPTIONS /server/api/admin/auth.php?action=login HTTP/1.1" 200 -
::1 - - [22/Dec/2025:05:27:25 +0530] "POST /server/api/admin/auth.php?action=login HTTP/1.1" 200 256
::1 - - [22/Dec/2025:05:27:26 +0530] "GET /server/api/admin/auth.php HTTP/1.1" 200 150
::1 - - [22/Dec/2025:05:27:26 +0530] "GET /server/api/admin/dashboard.php HTTP/1.1" 200 394
::1 - - [22/Dec/2025:05:27:36 +0530] "OPTIONS /server/api/admin/inquiries.php HTTP/1.1" 200 -
::1 - - [22/Dec/2025:05:27:36 +0530] "GET /server/api/admin/inquiries.php HTTP/1.1" 200 150
::1 - - [22/Dec/2025:08:41:52 +0530] "OPTIONS /server/api/admin/auth.php?action=login HTTP/1.1" 200 -
::1 - - [22/Dec/2025:08:41:52 +0530] "POST /server/api/admin/auth.php?action=login HTTP/1.1" 200 256
::1 - - [22/Dec/2025:08:41:53 +0530] "OPTIONS /server/api/admin/auth.php HTTP/1.1" 200 -
::1 - - [22/Dec/2025:08:41:53 +0530] "GET /server/api/admin/auth.php HTTP/1.1" 200 150
::1 - - [22/Dec/2025:08:41:53 +0530] "GET /server/api/admin/dashboard.php HTTP/1.1" 200 394
::1 - - [22/Dec/2025:08:43:54 +0530] "OPTIONS /server/api/admin/auth.php?action=logout HTTP/1.1" 200 -
::1 - - [22/Dec/2025:08:43:54 +0530] "POST /server/api/admin/auth.php?action=logout HTTP/1.1" 200 46
::1 - - [22/Dec/2025:08:45:32 +0530] "POST /server/api/admin/auth.php?action=login HTTP/1.1" 200 256
::1 - - [22/Dec/2025:08:45:33 +0530] "GET /server/api/admin/auth.php HTTP/1.1" 200 150
::1 - - [22/Dec/2025:08:45:33 +0530] "GET /server/api/admin/dashboard.php HTTP/1.1" 200 394
::1 - - [22/Dec/2025:08:45:51 +0530] "GET /server/api/admin/dashboard.php HTTP/1.1" 200 394
::1 - - [22/Dec/2025:08:45:53 +0530] "GET /server/api/admin/dashboard.php HTTP/1.1" 200 394
::1 - - [22/Dec/2025:08:45:55 +0530] "GET /server/api/admin/dashboard.php HTTP/1.1" 200 394
::1 - - [22/Dec/2025:08:45:56 +0530] "GET /server/api/admin/dashboard.php HTTP/1.1" 200 394
::1 - - [22/Dec/2025:08:45:56 +0530] "GET /server/api/admin/dashboard.php HTTP/1.1" 200 394
::1 - - [22/Dec/2025:08:45:56 +0530] "GET /server/api/admin/dashboard.php HTTP/1.1" 200 394
::1 - - [22/Dec/2025:08:46:02 +0530] "GET /server/api/admin/dashboard.php HTTP/1.1" 200 394
::1 - - [22/Dec/2025:08:46:03 +0530] "GET /server/api/admin/dashboard.php HTTP/1.1" 200 394
::1 - - [22/Dec/2025:20:19:24 +0530] "OPTIONS /server/api/admin/auth.php?action=login HTTP/1.1" 200 -
::1 - - [22/Dec/2025:20:19:25 +0530] "POST /server/api/admin/auth.php?action=login HTTP/1.1" 200 256
::1 - - [22/Dec/2025:20:19:26 +0530] "OPTIONS /server/api/admin/auth.php HTTP/1.1" 200 -
::1 - - [22/Dec/2025:20:19:26 +0530] "GET /server/api/admin/auth.php HTTP/1.1" 200 150
::1 - - [22/Dec/2025:20:19:26 +0530] "GET /server/api/admin/dashboard.php HTTP/1.1" 200 394
::1 - - [22/Dec/2025:20:19:43 +0530] "OPTIONS /server/api/admin/packages.php HTTP/1.1" 200 -
::1 - - [22/Dec/2025:20:19:43 +0530] "GET /server/api/admin/packages.php HTTP/1.1" 200 150
::1 - - [22/Dec/2025:20:19:55 +0530] "GET /server/api/admin/auth.php HTTP/1.1" 200 150
::1 - - [22/Dec/2025:20:19:55 +0530] "GET /server/api/admin/dashboard.php HTTP/1.1" 200 394
::1 - - [22/Dec/2025:20:19:58 +0530] "OPTIONS /server/api/admin/inquiries.php HTTP/1.1" 200 -
::1 - - [22/Dec/2025:20:19:58 +0530] "GET /server/api/admin/inquiries.php HTTP/1.1" 200 150
::1 - - [22/Dec/2025:20:20:00 +0530] "GET /server/api/admin/packages.php HTTP/1.1" 200 150
::1 - - [22/Dec/2025:21:11:20 +0530] "OPTIONS /server/api/admin/auth.php?action=login HTTP/1.1" 200 -
::1 - - [22/Dec/2025:21:11:20 +0530] "POST /server/api/admin/auth.php?action=login HTTP/1.1" 200 256
::1 - - [22/Dec/2025:21:11:21 +0530] "OPTIONS /server/api/admin/auth.php HTTP/1.1" 200 -
::1 - - [22/Dec/2025:21:11:21 +0530] "GET /server/api/admin/auth.php HTTP/1.1" 200 150
::1 - - [22/Dec/2025:21:11:21 +0530] "GET /server/api/admin/dashboard.php HTTP/1.1" 200 394
::1 - - [22/Dec/2025:21:11:30 +0530] "OPTIONS /server/api/admin/packages.php HTTP/1.1" 200 -
::1 - - [22/Dec/2025:21:11:30 +0530] "GET /server/api/admin/packages.php HTTP/1.1" 200 150
::1 - - [22/Dec/2025:21:16:13 +0530] "GET /server/api/admin/auth.php HTTP/1.1" 200 150
::1 - - [22/Dec/2025:21:16:13 +0530] "GET /server/api/admin/packages.php HTTP/1.1" 200 150
::1 - - [22/Dec/2025:21:16:18 +0530] "GET /server/api/admin/auth.php HTTP/1.1" 200 150
::1 - - [22/Dec/2025:21:16:18 +0530] "GET /server/api/admin/packages.php HTTP/1.1" 200 150
::1 - - [22/Dec/2025:21:16:41 +0530] "POST /server/api/admin/auth.php?action=login HTTP/1.1" 200 256
::1 - - [22/Dec/2025:21:16:41 +0530] "GET /server/api/admin/auth.php HTTP/1.1" 200 150
::1 - - [22/Dec/2025:21:16:42 +0530] "GET /server/api/admin/dashboard.php HTTP/1.1" 200 394
::1 - - [22/Dec/2025:21:16:47 +0530] "GET /server/api/admin/packages.php HTTP/1.1" 200 150
::1 - - [22/Dec/2025:21:24:03 +0530] "OPTIONS /server/api/admin/inquiries.php HTTP/1.1" 200 -
::1 - - [22/Dec/2025:21:24:04 +0530] "GET /server/api/admin/inquiries.php HTTP/1.1" 200 150
::1 - - [22/Dec/2025:21:26:05 +0530] "GET /server/api/admin/auth.php HTTP/1.1" 200 150
::1 - - [22/Dec/2025:21:26:05 +0530] "GET /server/api/admin/packages.php HTTP/1.1" 200 150
::1 - - [23/Dec/2025:04:13:55 +0530] "OPTIONS /server/api/admin/auth.php?action=login HTTP/1.1" 200 -
::1 - - [23/Dec/2025:04:13:57 +0530] "POST /server/api/admin/auth.php?action=login HTTP/1.1" 200 256
::1 - - [23/Dec/2025:04:13:59 +0530] "OPTIONS /server/api/admin/auth.php HTTP/1.1" 200 -
::1 - - [23/Dec/2025:04:13:59 +0530] "GET /server/api/admin/auth.php HTTP/1.1" 200 150
::1 - - [23/Dec/2025:04:13:59 +0530] "GET /server/api/admin/dashboard.php HTTP/1.1" 200 394
::1 - - [23/Dec/2025:04:14:05 +0530] "OPTIONS /server/api/admin/packages.php HTTP/1.1" 200 -
::1 - - [23/Dec/2025:04:14:05 +0530] "GET /server/api/admin/packages.php HTTP/1.1" 200 150
::1 - - [23/Dec/2025:04:14:14 +0530] "OPTIONS /server/api/admin/inquiries.php HTTP/1.1" 200 -
::1 - - [23/Dec/2025:04:14:14 +0530] "GET /server/api/admin/inquiries.php HTTP/1.1" 200 150
::1 - - [23/Dec/2025:04:14:25 +0530] "GET /server/api/admin/auth.php HTTP/1.1" 200 150
::1 - - [23/Dec/2025:04:14:25 +0530] "GET /server/api/admin/packages.php HTTP/1.1" 200 150
127.0.0.1 - - [23/Dec/2025:04:16:14 +0530] "GET /phpmyadmin/ HTTP/1.1" 200 17278
127.0.0.1 - - [23/Dec/2025:04:16:19 +0530] "GET /phpmyadmin/js/messages.php?l=en&v=5.2.1 HTTP/1.1" 200 7911
127.0.0.1 - - [23/Dec/2025:04:16:20 +0530] "POST /phpmyadmin/index.php?route=/config/get HTTP/1.1" 200 1476
127.0.0.1 - - [23/Dec/2025:04:16:20 +0530] "POST /phpmyadmin/index.php?route=/navigation&ajax_request=1 HTTP/1.1" 200 2584
127.0.0.1 - - [23/Dec/2025:04:16:20 +0530] "POST /phpmyadmin/index.php?route=/config/get HTTP/1.1" 200 1567
127.0.0.1 - - [23/Dec/2025:04:16:20 +0530] "POST /phpmyadmin/index.php?route=/version-check HTTP/1.1" 200 64
127.0.0.1 - - [23/Dec/2025:04:16:20 +0530] "POST /phpmyadmin/index.php?route=/database/structure/favorite-table&ajax_request=1&favorite_table=1&sync_favorite_tables=1 HTTP/1.1" 200 155
127.0.0.1 - - [23/Dec/2025:04:16:21 +0530] "POST /phpmyadmin/index.php?route=/config/set HTTP/1.1" 200 1467
127.0.0.1 - - [23/Dec/2025:04:16:27 +0530] "GET /phpmyadmin/index.php?route=/database/structure&db=sinath_travels&ajax_request=true&ajax_page_request=true&_nocache=1766443587356335105&token=274653447026392a6c4e6c31226a5236 HTTP/1.1" 200 6818
127.0.0.1 - - [23/Dec/2025:04:16:28 +0530] "POST /phpmyadmin/index.php?route=/navigation&ajax_request=1 HTTP/1.1" 200 2584
127.0.0.1 - - [23/Dec/2025:04:16:28 +0530] "POST /phpmyadmin/index.php?route=/navigation&ajax_request=1 HTTP/1.1" 200 2187
127.0.0.1 - - [23/Dec/2025:04:16:29 +0530] "POST /phpmyadmin/index.php?route=/navigation&ajax_request=1 HTTP/1.1" 200 2187
127.0.0.1 - - [23/Dec/2025:04:16:31 +0530] "GET /phpmyadmin/index.php?route=/sql&db=sinath_travels&table=packages&pos=0&ajax_request=true&ajax_page_request=true&_nocache=1766443591168472721&token=274653447026392a6c4e6c31226a5236 HTTP/1.1" 200 11206
127.0.0.1 - - [23/Dec/2025:04:16:32 +0530] "GET /phpmyadmin/index.php?route=/recent-table&ajax_request=1&recent_table=1&no_debug=true&_nocache=1766443592108778416&token=274653447026392a6c4e6c31226a5236 HTTP/1.1" 200 1545
::1 - - [23/Dec/2025:04:19:35 +0530] "GET /server/api/admin/auth.php HTTP/1.1" 200 150
::1 - - [23/Dec/2025:04:19:35 +0530] "GET /server/api/admin/packages.php HTTP/1.1" 200 150
::1 - - [23/Dec/2025:04:19:37 +0530] "GET /server/api/admin/auth.php HTTP/1.1" 200 150
::1 - - [23/Dec/2025:04:19:37 +0530] "GET /server/api/admin/packages.php HTTP/1.1" 200 150
::1 - - [23/Dec/2025:04:31:07 +0530] "GET /server/api/admin/auth.php HTTP/1.1" 200 150
::1 - - [23/Dec/2025:04:31:07 +0530] "GET /server/api/admin/packages.php HTTP/1.1" 200 150
::1 - - [23/Dec/2025:04:34:31 +0530] "GET /debug.html HTTP/1.1" 404 297
::1 - - [23/Dec/2025:04:34:31 +0530] "GET /favicon.ico HTTP/1.1" 404 297
127.0.0.1 - - [23/Dec/2025:04:34:51 +0530] "GET /debug.html HTTP/1.1" 404 297
127.0.0.1 - - [23/Dec/2025:04:34:51 +0530] "GET /favicon.ico HTTP/1.1" 404 297
127.0.0.1 - - [23/Dec/2025:04:34:55 +0530] "GET /debug.html HTTP/1.1" 404 297
127.0.0.1 - - [23/Dec/2025:04:35:12 +0530] "GET /debug.html HTTP/1.1" 404 297
127.0.0.1 - - [23/Dec/2025:04:35:18 +0530] "GET /debug.html HTTP/1.1" 404 297
127.0.0.1 - - [23/Dec/2025:04:36:15 +0530] "GET /phpmyadmin/index.php?route=/sql&db=sinath_travels&table=packages&pos=0 HTTP/1.1" 200 19666
127.0.0.1 - - [23/Dec/2025:04:36:16 +0530] "POST /phpmyadmin/index.php?route=/config/get HTTP/1.1" 200 1478
127.0.0.1 - - [23/Dec/2025:04:36:16 +0530] "POST /phpmyadmin/index.php?route=/navigation&ajax_request=1 HTTP/1.1" 200 3149
127.0.0.1 - - [23/Dec/2025:04:36:16 +0530] "POST /phpmyadmin/index.php?route=/config/get HTTP/1.1" 200 1569
127.0.0.1 - - [23/Dec/2025:04:36:16 +0530] "GET /phpmyadmin/index.php?route=/recent-table&ajax_request=1&recent_table=1&no_debug=true&_nocache=1766444776587601926&token=274653447026392a6c4e6c31226a5236 HTTP/1.1" 200 1545
127.0.0.1 - - [23/Dec/2025:04:36:16 +0530] "GET /phpmyadmin/index.php?route=%2Fdatabase%2Fstructure&db=sinath_travels&server=1&ajax_request=true&ajax_page_request=true&_nocache=1766444776774355201&token=274653447026392a6c4e6c31226a5236 HTTP/1.1" 200 6820
127.0.0.1 - - [23/Dec/2025:04:36:17 +0530] "POST /phpmyadmin/index.php?route=/config/set HTTP/1.1" 200 1469
127.0.0.1 - - [23/Dec/2025:04:36:17 +0530] "POST /phpmyadmin/index.php?route=/navigation&ajax_request=1 HTTP/1.1" 200 3149
127.0.0.1 - - [23/Dec/2025:04:37:45 +0530] "GET /server/api/packages.php HTTP/1.1" 200 2532
127.0.0.1 - - [23/Dec/2025:04:38:15 +0530] "GET /sinath-travels/server/api/packages.php HTTP/1.1" 404 297
::1 - - [23/Dec/2025:04:40:02 +0530] "GET /server/api/admin/auth.php HTTP/1.1" 200 150
::1 - - [23/Dec/2025:04:40:02 +0530] "GET /server/api/admin/packages.php HTTP/1.1" 200 150
::1 - - [23/Dec/2025:04:41:25 +0530] "GET /server/api/admin/auth.php HTTP/1.1" 200 150
::1 - - [23/Dec/2025:04:41:26 +0530] "GET /server/api/admin/packages.php HTTP/1.1" 200 150
::1 - - [23/Dec/2025:04:41:41 +0530] "GET /server/api/admin/auth.php HTTP/1.1" 200 150
::1 - - [23/Dec/2025:04:41:41 +0530] "GET /server/api/admin/packages.php HTTP/1.1" 200 150
::1 - - [23/Dec/2025:04:41:56 +0530] "GET /server/api/admin/auth.php HTTP/1.1" 200 150
::1 - - [23/Dec/2025:04:41:56 +0530] "GET /server/api/admin/packages.php HTTP/1.1" 200 150
::1 - - [23/Dec/2025:04:43:21 +0530] "GET /server/api/admin/auth.php HTTP/1.1" 200 150
::1 - - [23/Dec/2025:04:43:22 +0530] "GET /server/api/admin/packages.php HTTP/1.1" 200 150
::1 - - [23/Dec/2025:04:43:32 +0530] "GET /server/api/admin/auth.php HTTP/1.1" 200 150
::1 - - [23/Dec/2025:04:43:32 +0530] "GET /server/api/admin/packages.php HTTP/1.1" 200 150
::1 - - [23/Dec/2025:04:44:00 +0530] "GET /server/api/admin/auth.php HTTP/1.1" 200 150
::1 - - [23/Dec/2025:04:44:00 +0530] "GET /server/api/admin/packages.php HTTP/1.1" 200 150
::1 - - [23/Dec/2025:04:47:12 +0530] "POST /server/api/admin/auth.php?action=login HTTP/1.1" 200 256
::1 - - [23/Dec/2025:04:47:13 +0530] "GET /server/api/admin/auth.php HTTP/1.1" 200 150
::1 - - [23/Dec/2025:04:47:13 +0530] "GET /server/api/admin/dashboard.php HTTP/1.1" 200 394
::1 - - [23/Dec/2025:04:47:18 +0530] "GET /server/api/admin/packages.php HTTP/1.1" 200 150
::1 - - [23/Dec/2025:04:47:59 +0530] "GET /server/api/admin/auth.php HTTP/1.1" 200 150
::1 - - [23/Dec/2025:04:48:00 +0530] "GET /server/api/admin/packages.php HTTP/1.1" 200 150
::1 - - [23/Dec/2025:04:51:40 +0530] "GET /server/api/admin/auth.php HTTP/1.1" 200 150
::1 - - [23/Dec/2025:04:51:40 +0530] "GET /server/api/admin/packages.php HTTP/1.1" 200 150
::1 - - [23/Dec/2025:04:56:36 +0530] "GET /server/api/admin/auth.php HTTP/1.1" 200 150
::1 - - [23/Dec/2025:04:56:36 +0530] "GET /server/api/admin/packages.php HTTP/1.1" 200 150
::1 - - [23/Dec/2025:04:56:47 +0530] "GET /server/api/admin/auth.php HTTP/1.1" 200 150
::1 - - [23/Dec/2025:04:56:48 +0530] "GET /server/api/admin/packages.php HTTP/1.1" 200 150
::1 - - [23/Dec/2025:04:56:57 +0530] "GET /server/api/admin/auth.php HTTP/1.1" 200 150
::1 - - [23/Dec/2025:04:56:57 +0530] "GET /server/api/admin/packages.php HTTP/1.1" 200 150
::1 - - [23/Dec/2025:04:57:03 +0530] "OPTIONS /server/api/admin/auth.php HTTP/1.1" 200 -
::1 - - [23/Dec/2025:04:57:03 +0530] "GET /server/api/admin/auth.php HTTP/1.1" 200 150
::1 - - [23/Dec/2025:04:57:04 +0530] "OPTIONS /server/api/admin/packages.php HTTP/1.1" 200 -
::1 - - [23/Dec/2025:04:57:04 +0530] "GET /server/api/admin/packages.php HTTP/1.1" 200 150
::1 - - [23/Dec/2025:04:58:34 +0530] "GET /server/api/admin/dashboard.php HTTP/1.1" 200 394
::1 - - [23/Dec/2025:04:58:40 +0530] "OPTIONS /server/api/admin/inquiries.php HTTP/1.1" 200 -
::1 - - [23/Dec/2025:04:58:40 +0530] "GET /server/api/admin/inquiries.php HTTP/1.1" 200 150
::1 - - [23/Dec/2025:05:00:50 +0530] "GET /server/test-packages-direct.php HTTP/1.1" 200 6086
::1 - - [23/Dec/2025:05:00:50 +0530] "GET /favicon.ico HTTP/1.1" 404 297
::1 - - [23/Dec/2025:05:05:50 +0530] "-" 408 -
::1 - - [23/Dec/2025:05:17:10 +0530] "GET /server/api/admin/packages.php HTTP/1.1" 401 47
::1 - - [23/Dec/2025:05:18:24 +0530] "GET /server/api/admin/auth.php HTTP/1.1" 200 150
::1 - - [23/Dec/2025:05:18:24 +0530] "GET /server/api/admin/packages.php HTTP/1.1" 200 150
::1 - - [23/Dec/2025:05:18:42 +0530] "OPTIONS /server/api/admin/auth.php?action=login HTTP/1.1" 200 -
::1 - - [23/Dec/2025:05:18:42 +0530] "POST /server/api/admin/auth.php?action=login HTTP/1.1" 200 256
::1 - - [23/Dec/2025:05:18:42 +0530] "GET /server/api/admin/auth.php HTTP/1.1" 200 150
::1 - - [23/Dec/2025:05:18:42 +0530] "GET /server/api/admin/dashboard.php HTTP/1.1" 200 394
::1 - - [23/Dec/2025:05:18:45 +0530] "GET /server/api/admin/packages.php HTTP/1.1" 200 150
::1 - - [23/Dec/2025:05:22:16 +0530] "GET /server/api/admin/auth.php HTTP/1.1" 200 150
::1 - - [23/Dec/2025:05:22:16 +0530] "GET /server/api/admin/dashboard.php HTTP/1.1" 200 394
::1 - - [23/Dec/2025:05:22:18 +0530] "GET /server/api/admin/packages.php HTTP/1.1" 200 150
::1 - - [23/Dec/2025:05:25:11 +0530] "GET /server/test-packages-direct.php HTTP/1.1" 200 6086
::1 - - [23/Dec/2025:05:25:55 +0530] "GET /server/api/admin/auth.php HTTP/1.1" 200 150
::1 - - [23/Dec/2025:05:25:56 +0530] "GET /server/api/admin/packages.php HTTP/1.1" 200 150
::1 - - [23/Dec/2025:05:29:46 +0530] "GET /server/debug-packages.php HTTP/1.1" 200 12297
::1 - - [23/Dec/2025:05:30:46 +0530] "GET /server/api/admin/packages.php HTTP/1.1" 200 150
::1 - - [23/Dec/2025:05:31:14 +0530] "GET /server/api/admin/auth.php HTTP/1.1" 200 150
::1 - - [23/Dec/2025:05:31:14 +0530] "GET /server/api/admin/packages.php HTTP/1.1" 200 150
::1 - - [23/Dec/2025:05:37:12 +0530] "GET /server/api/admin/auth.php HTTP/1.1" 200 150
::1 - - [23/Dec/2025:05:37:13 +0530] "GET /server/api/admin/packages.php HTTP/1.1" 200 1100
::1 - - [23/Dec/2025:05:37:23 +0530] "GET /server/api/admin/packages.php HTTP/1.1" 200 1100
::1 - - [23/Dec/2025:05:38:46 +0530] "GET /server/api/admin/auth.php HTTP/1.1" 200 150
::1 - - [23/Dec/2025:05:38:47 +0530] "GET /server/api/admin/packages.php HTTP/1.1" 200 1100
::1 - - [23/Dec/2025:05:39:07 +0530] "GET /server/api/admin/auth.php HTTP/1.1" 200 150
::1 - - [23/Dec/2025:05:39:07 +0530] "GET /server/api/admin/packages.php HTTP/1.1" 200 1100
::1 - - [23/Dec/2025:05:42:32 +0530] "POST /server/api/admin/auth.php?action=login HTTP/1.1" 200 256
::1 - - [23/Dec/2025:05:42:33 +0530] "GET /server/api/admin/auth.php HTTP/1.1" 200 150
::1 - - [23/Dec/2025:05:42:33 +0530] "GET /server/api/admin/dashboard.php HTTP/1.1" 200 394
::1 - - [23/Dec/2025:05:42:36 +0530] "GET /server/api/admin/packages.php HTTP/1.1" 200 1100
::1 - - [23/Dec/2025:05:43:31 +0530] "GET /server/debug-packages.php HTTP/1.1" 200 12297
::1 - - [23/Dec/2025:05:48:31 +0530] "-" 408 -
::1 - - [23/Dec/2025:05:56:10 +0530] "OPTIONS /server/api/admin/auth.php?action=login HTTP/1.1" 200 -
::1 - - [23/Dec/2025:05:56:10 +0530] "POST /server/api/admin/auth.php?action=login HTTP/1.1" 200 256
::1 - - [23/Dec/2025:05:56:11 +0530] "OPTIONS /server/api/admin/auth.php HTTP/1.1" 200 -
::1 - - [23/Dec/2025:05:56:11 +0530] "GET /server/api/admin/auth.php HTTP/1.1" 200 150
::1 - - [23/Dec/2025:05:56:11 +0530] "GET /server/api/admin/dashboard.php HTTP/1.1" 200 394
::1 - - [23/Dec/2025:05:56:14 +0530] "OPTIONS /server/api/admin/packages.php HTTP/1.1" 200 -
::1 - - [23/Dec/2025:05:56:14 +0530] "GET /server/api/admin/packages.php HTTP/1.1" 200 1100
::1 - - [23/Dec/2025:06:06:36 +0530] "OPTIONS /server/api/admin/auth.php?action=login HTTP/1.1" 200 -
::1 - - [23/Dec/2025:06:06:36 +0530] "POST /server/api/admin/auth.php?action=login HTTP/1.1" 200 256
::1 - - [23/Dec/2025:06:06:38 +0530] "OPTIONS /server/api/admin/auth.php HTTP/1.1" 200 -
::1 - - [23/Dec/2025:06:06:38 +0530] "GET /server/api/admin/auth.php HTTP/1.1" 200 150
::1 - - [23/Dec/2025:06:06:38 +0530] "GET /server/api/admin/dashboard.php HTTP/1.1" 200 394
::1 - - [23/Dec/2025:06:06:40 +0530] "OPTIONS /server/api/admin/packages.php HTTP/1.1" 200 -
::1 - - [23/Dec/2025:06:06:40 +0530] "GET /server/api/admin/packages.php HTTP/1.1" 200 1100
127.0.0.1 - - [23/Dec/2025:06:08:51 +0530] "GET /server/debug-packages.html HTTP/1.1" 200 11765
127.0.0.1 - - [23/Dec/2025:06:08:54 +0530] "GET /server/api/admin/auth.php HTTP/1.1" 401 47
127.0.0.1 - - [23/Dec/2025:06:09:01 +0530] "GET /server/api/admin/packages.php HTTP/1.1" 401 997
127.0.0.1 - - [23/Dec/2025:06:09:10 +0530] "GET /server/api/admin/auth.php HTTP/1.1" 401 47
127.0.0.1 - - [23/Dec/2025:06:09:11 +0530] "OPTIONS /server/api/admin/test-cors.php HTTP/1.1" 200 -
127.0.0.1 - - [23/Dec/2025:06:09:11 +0530] "OPTIONS /server/api/admin/test-cors.php HTTP/1.1" 200 -
127.0.0.1 - - [23/Dec/2025:06:09:11 +0530] "OPTIONS /server/api/admin/test-cors.php HTTP/1.1" 200 -
127.0.0.1 - - [23/Dec/2025:06:09:16 +0530] "GET /server/api/admin/packages.php HTTP/1.1" 401 997
127.0.0.1 - - [23/Dec/2025:06:09:53 +0530] "GET /server/debug-packages.html HTTP/1.1" 200 11765
127.0.0.1 - - [23/Dec/2025:06:09:54 +0530] "GET /favicon.ico HTTP/1.1" 404 297
127.0.0.1 - - [23/Dec/2025:06:09:56 +0530] "GET /server/api/admin/auth.php HTTP/1.1" 401 47
127.0.0.1 - - [23/Dec/2025:06:10:02 +0530] "GET /server/api/admin/packages.php HTTP/1.1" 401 997
::1 - - [23/Dec/2025:06:13:22 +0530] "OPTIONS /server/api/admin/auth.php?action=login HTTP/1.1" 200 -
::1 - - [23/Dec/2025:06:13:22 +0530] "POST /server/api/admin/auth.php?action=login HTTP/1.1" 200 256
::1 - - [23/Dec/2025:06:13:23 +0530] "OPTIONS /server/api/admin/auth.php HTTP/1.1" 200 -
::1 - - [23/Dec/2025:06:13:23 +0530] "GET /server/api/admin/auth.php HTTP/1.1" 200 150
::1 - - [23/Dec/2025:06:13:23 +0530] "GET /server/api/admin/dashboard.php HTTP/1.1" 200 394
::1 - - [23/Dec/2025:06:13:26 +0530] "OPTIONS /server/api/admin/packages.php HTTP/1.1" 200 -
::1 - - [23/Dec/2025:06:13:26 +0530] "GET /server/api/admin/packages.php HTTP/1.1" 200 150
::1 - - [23/Dec/2025:06:14:32 +0530] "GET /server/api/admin/auth.php HTTP/1.1" 200 150
::1 - - [23/Dec/2025:06:14:32 +0530] "GET /server/api/admin/packages.php HTTP/1.1" 200 150
::1 - - [23/Dec/2025:08:12:46 +0530] "OPTIONS /server/api/admin/auth.php?action=login HTTP/1.1" 200 -
::1 - - [23/Dec/2025:08:12:47 +0530] "POST /server/api/admin/auth.php?action=login HTTP/1.1" 200 256
::1 - - [23/Dec/2025:08:12:48 +0530] "OPTIONS /server/api/admin/auth.php HTTP/1.1" 200 -
::1 - - [23/Dec/2025:08:12:48 +0530] "GET /server/api/admin/auth.php HTTP/1.1" 200 150
::1 - - [23/Dec/2025:08:12:48 +0530] "GET /server/api/admin/dashboard.php HTTP/1.1" 200 394
::1 - - [23/Dec/2025:08:12:51 +0530] "OPTIONS /server/api/admin/packages.php HTTP/1.1" 200 -
::1 - - [23/Dec/2025:08:12:51 +0530] "GET /server/api/admin/packages.php HTTP/1.1" 200 150
::1 - - [23/Dec/2025:08:25:17 +0530] "GET /server/api/admin/auth.php HTTP/1.1" 200 150
::1 - - [23/Dec/2025:08:25:17 +0530] "GET /server/api/admin/packages.php HTTP/1.1" 200 150
::1 - - [23/Dec/2025:08:26:26 +0530] "GET /server/api/admin/auth.php HTTP/1.1" 200 150
::1 - - [23/Dec/2025:08:26:26 +0530] "GET /server/api/admin/packages.php HTTP/1.1" 200 150
::1 - - [23/Dec/2025:08:27:57 +0530] "GET /server/api/admin/auth.php HTTP/1.1" 200 150
::1 - - [23/Dec/2025:08:27:58 +0530] "GET /server/api/admin/packages.php HTTP/1.1" 200 150
::1 - - [23/Dec/2025:08:32:07 +0530] "GET /server/api/admin/auth.php HTTP/1.1" 200 150
::1 - - [23/Dec/2025:08:32:07 +0530] "GET /server/api/admin/packages.php HTTP/1.1" 200 150
::1 - - [23/Dec/2025:08:38:58 +0530] "GET /server/api/admin/auth.php HTTP/1.1" 200 150
::1 - - [23/Dec/2025:08:38:58 +0530] "GET /server/api/admin/packages.php HTTP/1.1" 200 150
::1 - - [23/Dec/2025:08:39:00 +0530] "GET /server/api/admin/auth.php HTTP/1.1" 200 150
::1 - - [23/Dec/2025:08:39:00 +0530] "GET /server/api/admin/packages.php HTTP/1.1" 200 150
::1 - - [23/Dec/2025:08:44:19 +0530] "GET /server/api/admin/auth.php HTTP/1.1" 200 150
::1 - - [23/Dec/2025:08:44:19 +0530] "GET /server/api/admin/packages.php HTTP/1.1" 200 150
::1 - - [23/Dec/2025:12:32:57 +0530] "OPTIONS /server/api/admin/auth.php?action=login HTTP/1.1" 200 -
::1 - - [23/Dec/2025:12:32:57 +0530] "POST /server/api/admin/auth.php?action=login HTTP/1.1" 200 256
::1 - - [23/Dec/2025:12:32:58 +0530] "GET /server/api/admin/auth.php HTTP/1.1" 200 150
::1 - - [23/Dec/2025:12:32:58 +0530] "GET /server/api/admin/dashboard.php HTTP/1.1" 200 394
127.0.0.1 - - [23/Dec/2025:12:33:12 +0530] "GET /phpmyadmin/ HTTP/1.1" 200 17294
127.0.0.1 - - [23/Dec/2025:12:33:20 +0530] "GET /phpmyadmin/js/messages.php?l=en&v=5.2.1 HTTP/1.1" 200 7911
127.0.0.1 - - [23/Dec/2025:12:33:21 +0530] "POST /phpmyadmin/index.php?route=/config/get HTTP/1.1" 200 1476
127.0.0.1 - - [23/Dec/2025:12:33:21 +0530] "POST /phpmyadmin/index.php?route=/navigation&ajax_request=1 HTTP/1.1" 200 2600
127.0.0.1 - - [23/Dec/2025:12:33:21 +0530] "POST /phpmyadmin/index.php?route=/version-check HTTP/1.1" 200 64
127.0.0.1 - - [23/Dec/2025:12:33:21 +0530] "POST /phpmyadmin/index.php?route=/database/structure/favorite-table&ajax_request=1&favorite_table=1&sync_favorite_tables=1 HTTP/1.1" 200 155
127.0.0.1 - - [23/Dec/2025:12:33:21 +0530] "POST /phpmyadmin/index.php?route=/config/get HTTP/1.1" 200 1567
127.0.0.1 - - [23/Dec/2025:12:33:23 +0530] "POST /phpmyadmin/index.php?route=/config/set HTTP/1.1" 200 1467
127.0.0.1 - - [23/Dec/2025:12:33:28 +0530] "GET /phpmyadmin/index.php?route=/database/structure&db=sinath_travels&ajax_request=true&ajax_page_request=true&_nocache=1766473408099456660&token=787b667564492732514f6a4c522d3e59 HTTP/1.1" 200 6816
127.0.0.1 - - [23/Dec/2025:12:33:29 +0530] "POST /phpmyadmin/index.php?route=/navigation&ajax_request=1 HTTP/1.1" 200 2600
127.0.0.1 - - [23/Dec/2025:12:33:29 +0530] "POST /phpmyadmin/index.php?route=/navigation&ajax_request=1 HTTP/1.1" 200 2187
127.0.0.1 - - [23/Dec/2025:12:33:30 +0530] "POST /phpmyadmin/index.php?route=/navigation&ajax_request=1 HTTP/1.1" 200 2187
127.0.0.1 - - [23/Dec/2025:12:33:32 +0530] "GET /phpmyadmin/index.php?route=/sql&db=sinath_travels&table=admin_users&pos=0&ajax_request=true&ajax_page_request=true&_nocache=1766473412119125889&token=787b667564492732514f6a4c522d3e59 HTTP/1.1" 200 7945
127.0.0.1 - - [23/Dec/2025:12:33:33 +0530] "GET /phpmyadmin/index.php?route=/recent-table&ajax_request=1&recent_table=1&no_debug=true&_nocache=1766473413012162375&token=787b667564492732514f6a4c522d3e59 HTTP/1.1" 200 1546
127.0.0.1 - - [23/Dec/2025:12:34:04 +0530] "GET /phpmyadmin/index.php?route=/sql&pos=0&db=sinath_travels&table=admin_sessions&ajax_request=true&ajax_page_request=true&_nocache=1766473444264706224&token=787b667564492732514f6a4c522d3e59 HTTP/1.1" 200 13419
127.0.0.1 - - [23/Dec/2025:12:34:04 +0530] "GET /phpmyadmin/index.php?route=/recent-table&ajax_request=1&recent_table=1&no_debug=true&_nocache=1766473444889748210&token=787b667564492732514f6a4c522d3e59 HTTP/1.1" 200 1560
::1 - - [23/Dec/2025:12:35:03 +0530] "GET /server/api/admin/auth.php HTTP/1.1" 200 150
::1 - - [23/Dec/2025:12:35:03 +0530] "GET /server/api/admin/dashboard.php HTTP/1.1" 200 394
::1 - - [23/Dec/2025:12:35:10 +0530] "GET /server/api/admin/packages.php HTTP/1.1" 200 150
127.0.0.1 - - [23/Dec/2025:12:37:07 +0530] "GET /phpmyadmin/index.php?route=/sql&pos=0&db=sinath_travels&table=admin_users&ajax_request=true&ajax_page_request=true&_nocache=1766473627084864835&token=787b667564492732514f6a4c522d3e59 HTTP/1.1" 200 7944
127.0.0.1 - - [23/Dec/2025:12:37:07 +0530] "GET /phpmyadmin/index.php?route=/recent-table&ajax_request=1&recent_table=1&no_debug=true&_nocache=1766473627921477412&token=787b667564492732514f6a4c522d3e59 HTTP/1.1" 200 1560
::1 - - [23/Dec/2025:14:14:26 +0530] "GET /server/api/admin/auth.php HTTP/1.1" 401 47
::1 - - [23/Dec/2025:14:14:42 +0530] "OPTIONS /server/api/admin/auth.php?action=login HTTP/1.1" 200 -
::1 - - [23/Dec/2025:14:14:42 +0530] "POST /server/api/admin/auth.php?action=login HTTP/1.1" 200 256
::1 - - [23/Dec/2025:14:14:43 +0530] "GET /server/api/admin/auth.php HTTP/1.1" 200 150
::1 - - [23/Dec/2025:14:14:43 +0530] "GET /server/api/admin/dashboard.php HTTP/1.1" 200 394
127.0.0.1 - - [23/Dec/2025:14:33:46 +0530] "GET /GaloyaArrack HTTP/1.1" 404 297
127.0.0.1 - - [23/Dec/2025:14:34:03 +0530] "GET /GaloyaArrack HTTP/1.1" 404 297
127.0.0.1 - - [23/Dec/2025:14:38:38 +0530] "GET /phpmyadmin/ HTTP/1.1" 200 17304
127.0.0.1 - - [23/Dec/2025:14:38:45 +0530] "GET /phpmyadmin/js/messages.php?l=en&v=5.2.1 HTTP/1.1" 200 7911
127.0.0.1 - - [23/Dec/2025:14:38:46 +0530] "POST /phpmyadmin/index.php?route=/config/get HTTP/1.1" 200 1476
127.0.0.1 - - [23/Dec/2025:14:38:46 +0530] "POST /phpmyadmin/index.php?route=/config/get HTTP/1.1" 200 1567
127.0.0.1 - - [23/Dec/2025:14:38:46 +0530] "POST /phpmyadmin/index.php?route=/navigation&ajax_request=1 HTTP/1.1" 200 2614
127.0.0.1 - - [23/Dec/2025:14:38:46 +0530] "POST /phpmyadmin/index.php?route=/database/structure/favorite-table&ajax_request=1&favorite_table=1&sync_favorite_tables=1 HTTP/1.1" 200 155
127.0.0.1 - - [23/Dec/2025:14:38:46 +0530] "POST /phpmyadmin/index.php?route=/version-check HTTP/1.1" 200 64
127.0.0.1 - - [23/Dec/2025:14:38:47 +0530] "POST /phpmyadmin/index.php?route=/config/set HTTP/1.1" 200 1467
127.0.0.1 - - [23/Dec/2025:14:40:39 +0530] "GET /phpmyadmin/index.php?route=/database/structure&db=galoyaarrack&ajax_request=true&ajax_page_request=true&_nocache=1766481039530451380&token=397d2d6e61335366527a396036703e65 HTTP/1.1" 200 16131
127.0.0.1 - - [23/Dec/2025:14:40:50 +0530] "POST /phpmyadmin/index.php?route=/navigation&ajax_request=1 HTTP/1.1" 200 2614
127.0.0.1 - - [23/Dec/2025:14:40:51 +0530] "POST /phpmyadmin/index.php?route=/navigation&ajax_request=1 HTTP/1.1" 200 4709
127.0.0.1 - - [23/Dec/2025:14:40:51 +0530] "POST /phpmyadmin/index.php?route=/navigation&ajax_request=1 HTTP/1.1" 200 4709
127.0.0.1 - - [23/Dec/2025:14:41:08 +0530] "GET /phpmyadmin/index.php?route=/database/structure&db=distillery&ajax_request=true&ajax_page_request=true&_nocache=1766481068768721084&token=397d2d6e61335366527a396036703e65 HTTP/1.1" 200 8230
127.0.0.1 - - [23/Dec/2025:14:41:11 +0530] "POST /phpmyadmin/index.php?route=/navigation&ajax_request=1 HTTP/1.1" 200 2614
127.0.0.1 - - [23/Dec/2025:14:41:11 +0530] "POST /phpmyadmin/index.php?route=/navigation&ajax_request=1 HTTP/1.1" 200 2501
127.0.0.1 - - [23/Dec/2025:14:41:11 +0530] "POST /phpmyadmin/index.php?route=/navigation&ajax_request=1 HTTP/1.1" 200 2501
127.0.0.1 - - [23/Dec/2025:14:41:21 +0530] "GET /phpmyadmin/index.php?route=/sql&pos=0&db=distillery&table=permissions&ajax_request=true&ajax_page_request=true&_nocache=1766481081565675540&token=397d2d6e61335366527a396036703e65 HTTP/1.1" 200 10084
127.0.0.1 - - [23/Dec/2025:14:41:22 +0530] "GET /phpmyadmin/index.php?route=/recent-table&ajax_request=1&recent_table=1&no_debug=true&_nocache=1766481082875427801&token=397d2d6e61335366527a396036703e65 HTTP/1.1" 200 1581
127.0.0.1 - - [23/Dec/2025:14:43:04 +0530] "GET /phpmyadmin/index.php?route=/database/structure&db=galoyaarrack&ajax_request=true&ajax_page_request=true&_nocache=176648118439952969&token=397d2d6e61335366527a396036703e65 HTTP/1.1" 200 16134
127.0.0.1 - - [23/Dec/2025:14:43:06 +0530] "POST /phpmyadmin/index.php?route=/navigation&ajax_request=1 HTTP/1.1" 200 3512
127.0.0.1 - - [23/Dec/2025:14:43:06 +0530] "POST /phpmyadmin/index.php?route=/navigation&ajax_request=1 HTTP/1.1" 200 4712
127.0.0.1 - - [23/Dec/2025:14:43:06 +0530] "POST /phpmyadmin/index.php?route=/navigation&ajax_request=1 HTTP/1.1" 200 4712
127.0.0.1 - - [23/Dec/2025:20:17:59 +0530] "GET /sinath HTTP/1.1" 404 297
127.0.0.1 - - [23/Dec/2025:20:17:59 +0530] "GET /favicon.ico HTTP/1.1" 404 297
::1 - - [23/Dec/2025:20:23:16 +0530] "OPTIONS /server/api/admin/auth.php?action=login HTTP/1.1" 200 -
::1 - - [23/Dec/2025:20:23:17 +0530] "POST /server/api/admin/auth.php?action=login HTTP/1.1" 200 256
::1 - - [23/Dec/2025:20:23:18 +0530] "GET /server/api/admin/auth.php HTTP/1.1" 200 150
::1 - - [23/Dec/2025:20:23:18 +0530] "GET /server/api/admin/dashboard.php HTTP/1.1" 200 394
::1 - - [23/Dec/2025:20:23:21 +0530] "GET /server/api/admin/packages.php HTTP/1.1" 200 150
::1 - - [23/Dec/2025:20:23:37 +0530] "GET /server/api/admin/inquiries.php HTTP/1.1" 200 150
