[Tue Dec 23 21:45:42.551802 2025] [php:notice] [pid 18924:tid 576] [client ::1:11295] ========== AUTH API ==========, referer: http://localhost:5000/
[Tue Dec 23 21:45:42.551802 2025] [php:notice] [pid 18924:tid 576] [client ::1:11295] Method: POST, referer: http://localhost:5000/
[Tue Dec 23 21:45:42.552784 2025] [php:notice] [pid 18924:tid 576] [client ::1:11295] Action: login, referer: http://localhost:5000/
[Tue Dec 23 21:45:42.552784 2025] [php:notice] [pid 18924:tid 576] [client ::1:11295] Session ID: 4hq2q8bpg36m3464f6djknbkrp, referer: http://localhost:5000/
[Tue Dec 23 21:45:42.552784 2025] [php:notice] [pid 18924:tid 576] [client ::1:11295] Admin Session ID: none, referer: http://localhost:5000/
[Tue Dec 23 21:45:42.552784 2025] [php:notice] [pid 18924:tid 576] [client ::1:11295] \xf0\x9f\x94\xb5 handleLogin called, referer: http://localhost:5000/
[Tue Dec 23 21:45:42.552784 2025] [php:notice] [pid 18924:tid 576] [client ::1:11295] \xf0\x9f\x94\x8d Looking for user: admin, referer: http://localhost:5000/
[Tue Dec 23 21:45:42.612911 2025] [php:notice] [pid 18924:tid 576] [client ::1:11295] \xe2\x9c\x85 Password verified, referer: http://localhost:5000/
[Tue Dec 23 21:45:42.811272 2025] [php:notice] [pid 18924:tid 576] [client ::1:11295] \xe2\x9c\x85 Session stored: 07677fc90f76a247fedcc4d55c14af09af45456fc216f8470721289c310c8334, referer: http://localhost:5000/
[Tue Dec 23 21:45:42.972861 2025] [php:notice] [pid 18924:tid 576] [client ::1:11295] ========== AUTH API ==========, referer: http://localhost:5000/
[Tue Dec 23 21:45:42.973868 2025] [php:notice] [pid 18924:tid 576] [client ::1:11295] Method: GET, referer: http://localhost:5000/
[Tue Dec 23 21:45:42.973868 2025] [php:notice] [pid 18924:tid 576] [client ::1:11295] Action: check, referer: http://localhost:5000/
[Tue Dec 23 21:45:42.973868 2025] [php:notice] [pid 18924:tid 576] [client ::1:11295] Session ID: 4hq2q8bpg36m3464f6djknbkrp, referer: http://localhost:5000/
[Tue Dec 23 21:45:42.973868 2025] [php:notice] [pid 18924:tid 576] [client ::1:11295] Admin Session ID: 07677fc90f76a247fedcc4d55c14af09af45456fc216f8470721289c310c8334, referer: http://localhost:5000/
[Tue Dec 23 21:45:42.973868 2025] [php:notice] [pid 18924:tid 576] [client ::1:11295] \xf0\x9f\x94\x8d Checking auth..., referer: http://localhost:5000/
[Tue Dec 23 21:45:42.973868 2025] [php:notice] [pid 18924:tid 576] [client ::1:11295] \xf0\x9f\x94\x8d Session ID found: 07677fc90f76a247fedcc4d55c14af09af45456fc216f8470721289c310c8334, referer: http://localhost:5000/
[Tue Dec 23 21:45:42.974852 2025] [php:notice] [pid 18924:tid 576] [client ::1:11295] \xe2\x9c\x85 Auth check passed for: admin, referer: http://localhost:5000/
[Tue Dec 23 21:45:43.033767 2025] [php:notice] [pid 18924:tid 576] [client ::1:11295] ========== DASHBOARD API ==========, referer: http://localhost:5000/
[Tue Dec 23 21:45:43.034854 2025] [php:notice] [pid 18924:tid 576] [client ::1:11295] Session ID: 4hq2q8bpg36m3464f6djknbkrp, referer: http://localhost:5000/
[Tue Dec 23 21:45:43.034854 2025] [php:notice] [pid 18924:tid 576] [client ::1:11295] Admin Session ID: 07677fc90f76a247fedcc4d55c14af09af45456fc216f8470721289c310c8334, referer: http://localhost:5000/
[Tue Dec 23 21:45:43.034854 2025] [php:notice] [pid 18924:tid 576] [client ::1:11295] Admin ID: 1, referer: http://localhost:5000/
[Tue Dec 23 21:45:43.037493 2025] [php:notice] [pid 18924:tid 576] [client ::1:11295] \xe2\x9c\x85 Admin verified: admin, referer: http://localhost:5000/
[Tue Dec 23 21:45:43.037493 2025] [php:notice] [pid 18924:tid 576] [client ::1:11295] \xf0\x9f\x93\x8a Fetching dashboard data..., referer: http://localhost:5000/
[Tue Dec 23 21:45:43.038497 2025] [php:notice] [pid 18924:tid 576] [client ::1:11295] \xf0\x9f\x93\xa6 Raw package stats: {"total_packages":3,"active_packages":"3","tour_packages":"3","visa_packages":"0","ticket_packages":"0","offer_packages":"0"}, referer: http://localhost:5000/
[Tue Dec 23 21:45:43.038497 2025] [php:notice] [pid 18924:tid 576] [client ::1:11295] \xf0\x9f\x93\xa6 Converted package stats: {"total_packages":3,"active_packages":3,"tour_packages":3,"visa_packages":0,"ticket_packages":0,"offer_packages":0}, referer: http://localhost:5000/
[Tue Dec 23 21:45:43.040480 2025] [php:notice] [pid 18924:tid 576] [client ::1:11295] \xf0\x9f\x93\xa7 Raw inquiry stats: {"total_inquiries":0,"new_inquiries":"0","read_inquiries":"0","replied_inquiries":"0"}, referer: http://localhost:5000/
[Tue Dec 23 21:45:43.040880 2025] [php:notice] [pid 18924:tid 576] [client ::1:11295] \xf0\x9f\x93\xa7 Converted inquiry stats: {"total_inquiries":0,"new_inquiries":0,"read_inquiries":0,"replied_inquiries":0}, referer: http://localhost:5000/
[Tue Dec 23 21:45:43.040880 2025] [php:notice] [pid 18924:tid 576] [client ::1:11295] \xe2\x9c\x85 Sending response: {"success":true,"data":{"packages":{"total_packages":3,"active_packages":3,"tour_packages":3,"visa_packages":0,"ticket_packages":0,"offer_packages":0},"inquiries":{"total_inquiries":0,"new_inquiries":0,"read_inquiries":0,"replied_inquiries":0},"system_status":{"database":"online","api_server":"online","session":"valid","admin_user":"admin"}},"message":"Dashboard data retrieved successfully"}, referer: http://localhost:5000/
[Tue Dec 23 21:45:48.900116 2025] [php:notice] [pid 18924:tid 740] [client ::1:11309] ========== PACKAGES API ==========, referer: http://localhost:5000/
[Tue Dec 23 21:45:48.901112 2025] [php:notice] [pid 18924:tid 740] [client ::1:11309] Method: GET, referer: http://localhost:5000/
[Tue Dec 23 21:45:48.901112 2025] [php:notice] [pid 18924:tid 740] [client ::1:11309] Session ID: 4hq2q8bpg36m3464f6djknbkrp, referer: http://localhost:5000/
[Tue Dec 23 21:45:48.901112 2025] [php:notice] [pid 18924:tid 740] [client ::1:11309] Admin Session ID: 07677fc90f76a247fedcc4d55c14af09af45456fc216f8470721289c310c8334, referer: http://localhost:5000/
[Tue Dec 23 21:45:48.903203 2025] [php:notice] [pid 18924:tid 740] [client ::1:11309] \xe2\x9c\x85 Admin verified: admin, referer: http://localhost:5000/
[Tue Dec 23 21:45:48.903203 2025] [php:notice] [pid 18924:tid 740] [client ::1:11309] \xf0\x9f\x93\xa6 handleGet called, referer: http://localhost:5000/
[Tue Dec 23 21:45:48.903203 2025] [php:notice] [pid 18924:tid 740] [client ::1:11309] \xf0\x9f\x93\xa6 Fetching ALL packages, referer: http://localhost:5000/
[Tue Dec 23 21:45:48.903203 2025] [php:notice] [pid 18924:tid 740] [client ::1:11309] \xf0\x9f\x93\xa6 SQL Query: SELECT * FROM packages WHERE 1=1 ORDER BY created_at DESC, referer: http://localhost:5000/
[Tue Dec 23 21:45:48.904200 2025] [php:notice] [pid 18924:tid 740] [client ::1:11309] \xe2\x9c\x85 Query executed successfully, referer: http://localhost:5000/
[Tue Dec 23 21:45:48.904200 2025] [php:notice] [pid 18924:tid 740] [client ::1:11309] \xf0\x9f\x93\xa6 Fetched 3 packages from database, referer: http://localhost:5000/
[Tue Dec 23 21:45:48.904200 2025] [php:notice] [pid 18924:tid 740] [client ::1:11309] \xf0\x9f\x93\xa6 Sending response with 3 packages, referer: http://localhost:5000/
[Tue Dec 23 22:10:07.215092 2025] [php:notice] [pid 18924:tid 768] [client ::1:12546] ========== AUTH API ==========, referer: http://localhost:5000/
[Tue Dec 23 22:10:07.215092 2025] [php:notice] [pid 18924:tid 768] [client ::1:12546] Method: POST, referer: http://localhost:5000/
[Tue Dec 23 22:10:07.215092 2025] [php:notice] [pid 18924:tid 768] [client ::1:12546] Action: login, referer: http://localhost:5000/
[Tue Dec 23 22:10:07.215092 2025] [php:notice] [pid 18924:tid 768] [client ::1:12546] Session ID: 2202qt5gbpdpr8vl18q5avlrio, referer: http://localhost:5000/
[Tue Dec 23 22:10:07.215092 2025] [php:notice] [pid 18924:tid 768] [client ::1:12546] Admin Session ID: none, referer: http://localhost:5000/
[Tue Dec 23 22:10:07.215092 2025] [php:notice] [pid 18924:tid 768] [client ::1:12546] \xf0\x9f\x94\xb5 handleLogin called, referer: http://localhost:5000/
[Tue Dec 23 22:10:07.216089 2025] [php:notice] [pid 18924:tid 768] [client ::1:12546] \xf0\x9f\x94\x8d Looking for user: admin, referer: http://localhost:5000/
[Tue Dec 23 22:10:07.276878 2025] [php:notice] [pid 18924:tid 768] [client ::1:12546] \xe2\x9c\x85 Password verified, referer: http://localhost:5000/
[Tue Dec 23 22:10:07.472469 2025] [php:notice] [pid 18924:tid 768] [client ::1:12546] \xe2\x9c\x85 Session stored: 739567802889dc894a9b2c6366ac05cb11a2b862c6fe1440045e0c221f65ee06, referer: http://localhost:5000/
[Tue Dec 23 22:10:07.657541 2025] [php:notice] [pid 18924:tid 768] [client ::1:12546] ========== AUTH API ==========, referer: http://localhost:5000/
[Tue Dec 23 22:10:07.657541 2025] [php:notice] [pid 18924:tid 768] [client ::1:12546] Method: GET, referer: http://localhost:5000/
[Tue Dec 23 22:10:07.657541 2025] [php:notice] [pid 18924:tid 768] [client ::1:12546] Action: check, referer: http://localhost:5000/
[Tue Dec 23 22:10:07.657541 2025] [php:notice] [pid 18924:tid 768] [client ::1:12546] Session ID: 2202qt5gbpdpr8vl18q5avlrio, referer: http://localhost:5000/
[Tue Dec 23 22:10:07.657541 2025] [php:notice] [pid 18924:tid 768] [client ::1:12546] Admin Session ID: 739567802889dc894a9b2c6366ac05cb11a2b862c6fe1440045e0c221f65ee06, referer: http://localhost:5000/
[Tue Dec 23 22:10:07.657541 2025] [php:notice] [pid 18924:tid 768] [client ::1:12546] \xf0\x9f\x94\x8d Checking auth..., referer: http://localhost:5000/
[Tue Dec 23 22:10:07.657541 2025] [php:notice] [pid 18924:tid 768] [client ::1:12546] \xf0\x9f\x94\x8d Session ID found: 739567802889dc894a9b2c6366ac05cb11a2b862c6fe1440045e0c221f65ee06, referer: http://localhost:5000/
[Tue Dec 23 22:10:07.657541 2025] [php:notice] [pid 18924:tid 768] [client ::1:12546] \xe2\x9c\x85 Auth check passed for: admin, referer: http://localhost:5000/
[Tue Dec 23 22:10:07.681282 2025] [php:notice] [pid 18924:tid 768] [client ::1:12546] ========== DASHBOARD API ==========, referer: http://localhost:5000/
[Tue Dec 23 22:10:07.681282 2025] [php:notice] [pid 18924:tid 768] [client ::1:12546] Session ID: 2202qt5gbpdpr8vl18q5avlrio, referer: http://localhost:5000/
[Tue Dec 23 22:10:07.681282 2025] [php:notice] [pid 18924:tid 768] [client ::1:12546] Admin Session ID: 739567802889dc894a9b2c6366ac05cb11a2b862c6fe1440045e0c221f65ee06, referer: http://localhost:5000/
[Tue Dec 23 22:10:07.681282 2025] [php:notice] [pid 18924:tid 768] [client ::1:12546] Admin ID: 1, referer: http://localhost:5000/
[Tue Dec 23 22:10:07.682252 2025] [php:notice] [pid 18924:tid 768] [client ::1:12546] \xe2\x9c\x85 Admin verified: admin, referer: http://localhost:5000/
[Tue Dec 23 22:10:07.683267 2025] [php:notice] [pid 18924:tid 768] [client ::1:12546] \xf0\x9f\x93\x8a Fetching dashboard data..., referer: http://localhost:5000/
[Tue Dec 23 22:10:07.683267 2025] [php:notice] [pid 18924:tid 768] [client ::1:12546] \xf0\x9f\x93\xa6 Raw package stats: {"total_packages":3,"active_packages":"3","tour_packages":"3","visa_packages":"0","ticket_packages":"0","offer_packages":"0"}, referer: http://localhost:5000/
[Tue Dec 23 22:10:07.683267 2025] [php:notice] [pid 18924:tid 768] [client ::1:12546] \xf0\x9f\x93\xa6 Converted package stats: {"total_packages":3,"active_packages":3,"tour_packages":3,"visa_packages":0,"ticket_packages":0,"offer_packages":0}, referer: http://localhost:5000/
[Tue Dec 23 22:10:07.684264 2025] [php:notice] [pid 18924:tid 768] [client ::1:12546] \xf0\x9f\x93\xa7 Raw inquiry stats: {"total_inquiries":0,"new_inquiries":"0","read_inquiries":"0","replied_inquiries":"0"}, referer: http://localhost:5000/
[Tue Dec 23 22:10:07.684264 2025] [php:notice] [pid 18924:tid 768] [client ::1:12546] \xf0\x9f\x93\xa7 Converted inquiry stats: {"total_inquiries":0,"new_inquiries":0,"read_inquiries":0,"replied_inquiries":0}, referer: http://localhost:5000/
[Tue Dec 23 22:10:07.684264 2025] [php:notice] [pid 18924:tid 768] [client ::1:12546] \xe2\x9c\x85 Sending response: {"success":true,"data":{"packages":{"total_packages":3,"active_packages":3,"tour_packages":3,"visa_packages":0,"ticket_packages":0,"offer_packages":0},"inquiries":{"total_inquiries":0,"new_inquiries":0,"read_inquiries":0,"replied_inquiries":0},"system_status":{"database":"online","api_server":"online","session":"valid","admin_user":"admin"}},"message":"Dashboard data retrieved successfully"}, referer: http://localhost:5000/
[Tue Dec 23 22:10:09.443587 2025] [php:error] [pid 18924:tid 768] [client ::1:12546] PHP Parse error:  Unmatched '}' in D:\\xampp\\htdocs\\sinath-travels\\server\\api\\admin\\packages.php on line 232, referer: http://localhost:5000/
